{"numFailedTestSuites":1,"numFailedTests":4,"numPassedTestSuites":0,"numPassedTests":2,"numPendingTestSuites":0,"numPendingTests":0,"numRuntimeErrorTestSuites":0,"numTodoTests":0,"numTotalTestSuites":1,"numTotalTests":6,"openHandles":[],"snapshot":{"added":0,"didUpdate":false,"failure":false,"filesAdded":0,"filesRemoved":0,"filesRemovedList":[],"filesUnmatched":0,"filesUpdated":0,"matched":0,"total":0,"unchecked":0,"uncheckedKeysByFile":[],"unmatched":0,"updated":0},"startTime":1776405418432,"success":false,"testResults":[{"assertionResults":[{"ancestorTitles":["tickets page coverage"],"duration":68,"failureDetails":[],"failureMessages":[],"fullName":"tickets page coverage renders heading and loads tickets on mount","invocations":1,"location":null,"numPassingAsserts":4,"retryReasons":[],"status":"passed","title":"renders heading and loads tickets on mount"},{"ancestorTitles":["tickets page coverage"],"duration":56,"failureDetails":[{"name":"TestingLibraryElementError"}],"failureMessages":["Error: Unable to find an element with the text: ticket-1. This could be because the text is broken up by multiple elements. In this case, you can provide a function for your text matcher to make your matcher more flexible.\n\nIgnored nodes: comments, script, style\n\u001b[36m<body\u001b[39m\n  \u001b[33mclass\u001b[39m=\u001b[32m\"modal-open\"\u001b[39m\n\u001b[36m>\u001b[39m\n  \u001b[36m<div>\u001b[39m\n    \u001b[36m<div\u001b[39m\n      \u001b[33mclass\u001b[39m=\u001b[32m\"container py-4\"\u001b[39m\n    \u001b[36m>\u001b[39m\n      \u001b[36m<h1\u001b[39m\n        \u001b[33mclass\u001b[39m=\u001b[32m\"mb-4 d-flex align-items-center gap-2\"\u001b[39m\n      \u001b[36m>\u001b[39m\n        \u001b[36m<i\u001b[39m\n          \u001b[33mclass\u001b[39m=\u001b[32m\"bi bi-list-task\"\u001b[39m\n        \u001b[36m/>\u001b[39m\n        \u001b[0m Developer Tickets\u001b[0m\n      \u001b[36m</h1>\u001b[39m\n      \u001b[36m<div\u001b[39m\n        \u001b[33mclass\u001b[39m=\u001b[32m\"table-responsive\"\u001b[39m\n      \u001b[36m>\u001b[39m\n        \u001b[36m<table\u001b[39m\n          \u001b[33mclass\u001b[39m=\u001b[32m\"table table-hover align-middle\"\u001b[39m\n        \u001b[36m>\u001b[39m\n          \u001b[36m<thead\u001b[39m\n            \u001b[33mclass\u001b[39m=\u001b[32m\"table-light\"\u001b[39m\n          \u001b[36m>\u001b[39m\n            \u001b[36m<tr>\u001b[39m\n              \u001b[36m<th>\u001b[39m\n                \u001b[0m#\u001b[0m\n              \u001b[36m</th>\u001b[39m\n              \u001b[36m<th>\u001b[39m\n                \u001b[0mTitle\u001b[0m\n              \u001b[36m</th>\u001b[39m\n              \u001b[36m<th>\u001b[39m\n                \u001b[0mType\u001b[0m\n              \u001b[36m</th>\u001b[39m\n              \u001b[36m<th>\u001b[39m\n                \u001b[0mStatus\u001b[0m\n              \u001b[36m</th>\u001b[39m\n              \u001b[36m<th>\u001b[39m\n                \u001b[0mSubmitted\u001b[0m\n              \u001b[36m</th>\u001b[39m\n              \u001b[36m<th />\u001b[39m\n            \u001b[36m</tr>\u001b[39m\n          \u001b[36m</thead>\u001b[39m\n          \u001b[36m<tbody>\u001b[39m\n            \u001b[36m<tr>\u001b[39m\n              \u001b[36m<td>\u001b[39m\n                \u001b[0m1\u001b[0m\n              \u001b[36m</td>\u001b[39m\n              \u001b[36m<td>\u001b[39m\n                \u001b[36m<button\u001b[39m\n                  \u001b[33mclass\u001b[39m=\u001b[32m\"btn btn-link p-0 text-start\"\u001b[39m\n                  \u001b[33mtype\u001b[39m=\u001b[32m\"button\"\u001b[39m\n                \u001b[36m>\u001b[39m\n                  \u001b[0mLogin bug\u001b[0m\n                \u001b[36m</button>\u001b[39m\n              \u001b[36m</td>\u001b[39m\n              \u001b[36m<td\u001b[39m\n                \u001b[33mclass\u001b[39m=\u001b[32m\"text-capitalize\"\u001b[39m\n              \u001b[36m>\u001b[39m\n                \u001b[0mbug\u001b[0m\n              \u001b[36m</td>\u001b[39m\n              \u001b[36m<td>\u001b[39m\n                \u001b[0mopen\u001b[0m\n              \u001b[36m</td>\u001b[39m\n              \u001b[36m<td>\u001b[39m\n                \u001b[0m4/1/2026, 6:00:00 AM\u001b[0m\n              \u001b[36m</td>\u001b[39m\n              \u001b[36m<td>\u001b[39m\n                \u001b[36m<button\u001b[39m\n                  \u001b[33mclass\u001b[39m=\u001b[32m\"btn btn-sm btn-outline-danger\"\u001b[39m\n                \u001b[36m>\u001b[39m\n                  \u001b[36m<i\u001b[39m\n                    \u001b[33mclass\u001b[39m=\u001b[32m\"bi bi-trash\"\u001b[39m\n                  \u001b[36m/>\u001b[39m\n                \u001b[36m</button>\u001b[39m\n              \u001b[36m</td>\u001b[39m\n            \u001b[36m</tr>\u001b[39m\n            \u001b[36m<tr>\u001b[39m\n              \u001b[36m<td>\u001b[39m\n                \u001b[0m2\u001b[0m\n              \u001b[36m</td>\u001b[39m\n              \u001b[36m<td>\u001b[39m\n                \u001b[36m<button\u001b[39m\n                  \u001b[33mclass\u001b[39m=\u001b[32m\"btn btn-link p-0 text-start\"\u001b[39m\n                  \u001b[33mtype\u001b[39m=\u001b[32m\"button\"\u001b[39m\n                \u001b[36m>\u001b[39m\n                  \u001b[0mAdd dark mode\u001b[0m\n                \u001b[36m</button>\u001b[39m\n              \u001b[36m</td>\u001b[39m\n              \u001b[36m<td\u001b[39m\n                \u001b[33mclass\u001b[39m=\u001b[32m\"text-capitalize\"\u001b[39m\n              \u001b[36m>\u001b[39m\n                \u001b[0msuggestion\u001b[0m\n              \u001b[36m</td>\u001b[39m\n              \u001b[36m<td>\u001b[39m\n                \u001b[0mopen\u001b[0m\n              \u001b[36m</td>\u001b[39m\n              \u001b[36m<td>\u001b[39m\n                \u001b[0m4/2/2026, 6:00:00 AM\u001b[0m\n              \u001b[36m</td>\u001b[39m\n              \u001b[36m<td>\u001b[39m\n                \u001b[36m<button\u001b[39m\n                  \u001b[33mclass\u001b[39m=\u001b[32m\"btn btn-sm btn-outline-danger\"\u001b[39m\n                \u001b[36m>\u001b[39m\n                  \u001b[36m<i\u001b[39m\n                    \u001b[33mclass\u001b[39m=\u001b[32m\"bi bi-trash\"\u001b[39m\n                  \u001b[36m/>\u001b[39m\n                \u001b[36m</button>\u001b[39m\n              \u001b[36m</td>\u001b[39m\n            \u001b[36m</tr>\u001b[39m\n          \u001b[36m</tbody>\u001b[39m\n        \u001b[36m</table>\u001b[39m\n      \u001b[36m</div>\u001b[39m\n      \u001b[36m<button\u001b[39m\n        \u001b[33maria-label\u001b[39m=\u001b[32m\"Close ticket details\"\u001b[39m\n        \u001b[33mclass\u001b[39m=\u001b[32m\"modal-backdrop fade show border-0\"\u001b[39m\n        \u001b[33mtype\u001b[39m=\u001b[32m\"button\"\u001b[39m\n      \u001b[36m/>\u001b[39m\n      \u001b[36m<div\u001b[39m\n        \u001b[33maria-modal\u001b[39m=\u001b[32m\"true\"\u001b[39m\n        \u001b[33mclass\u001b[39m=\u001b[32m\"modal fade show d-block\"\u001b[39m\n        \u001b[33mrole\u001b[39m=\u001b[32m\"dialog\"\u001b[39m\n      \u001b[36m>\u001b[39m\n        \u001b[36m<div\u001b[39m\n          \u001b[33mclass\u001b[39m=\u001b[32m\"modal-dialog modal-lg\"\u001b[39m\n        \u001b[36m>\u001b[39m\n          \u001b[36m<div\u001b[39m\n            \u001b[33mclass\u001b[39m=\u001b[32m\"modal-content rounded-3 shadow\"\u001b[39m\n          \u001b[36m>\u001b[39m\n            \u001b[36m<div\u001b[39m\n              \u001b[33mclass\u001b[39m=\u001b[32m\"modal-header\"\u001b[39m\n            \u001b[36m>\u001b[39m\n              \u001b[36m<h5\u001b[39m\n                \u001b[33mclass\u001b[39m=\u001b[32m\"modal-title\"\u001b[39m\n              \u001b[36m>\u001b[39m\n                \u001b[0mLogin bug\u001b[0m\n              \u001b[36m</h5>\u001b[39m\n              \u001b[36m<button\u001b[39m\n                \u001b[33maria-label\u001b[39m=\u001b[32m\"Close\"\u001b[39m\n                \u001b[33mclass\u001b[39m=\u001b[32m\"btn-close\"\u001b[39m\n                \u001b[33mtype\u001b[39m=\u001b[32m\"button\"\u001b[39m\n              \u001b[36m/>\u001b[39m\n            \u001b[36m</div>\u001b[39m\n            \u001b[36m<div\u001b[39m\n              \u001b[33mclass\u001b[39m=\u001b[32m\"modal-body\"\u001b[39m\n            \u001b[36m>\u001b[39m\n              \u001b[36m<p\u001b[39m\n                \u001b[33mclass\u001b[39m=\u001b[32m\"mb-2\"\u001b[39m\n              \u001b[36m>\u001b[39m\n                \u001b[36m<span\u001b[39m\n                  \u001b[33mclass\u001b[39m=\u001b[32m\"badge bg-secondary text-capitalize me-2\"\u001b[39m\n                \u001b[36m>\u001b[39m\n                  \u001b[0mbug\u001b[0m\n                \u001b[36m</span>\u001b[39m\n                \u001b[36m<span\u001b[39m\n                  \u001b[33mclass\u001b[39m=\u001b[32m\"badge bg-info me-2\"\u001b[39m\n                \u001b[36m>\u001b[39m\n                  \u001b[0mopen\u001b[0m\n                \u001b[36m</span>\u001b[39m\n                \u001b[36m<small\u001b[39m\n                  \u001b[33mclass\u001b[39m=\u001b[32m\"text-muted\"\u001b[39m\n                \u001b[36m>\u001b[39m\n                  \u001b[0msubmitted \u001b[0m\n                  \u001b[0m4/1/2026, 6:00:00 AM\u001b[0m\n                \u001b[36m</small>\u001b[39m\n              \u001b[36m</p>\u001b[39m\n              \u001b[36m<pre\u001b[39m\n                \u001b[33mstyle\u001b[39m=\u001b[32m\"white-space: pre-wrap;\"\u001b[39m\n              \u001b[36m>\u001b[39m\n                \u001b[0mCannot login with special characters\u001b[0m\n              \u001b[36m</pre>\u001b[39m\n            \u001b[36m</div>\u001b[39m\n            \u001b[36m<div\u001b[39m\n              \u001b[33mclass\u001b[39m=\u001b[32m\"modal-footer\"\u001b[39m\n            \u001b[36m>\u001b[39m\n              \u001b[36m<button\u001b[39m\n                \u001b[33mclass\u001b[39m=\u001b[32m\"btn btn-secondary\"\u001b[39m\n              \u001b[36m>\u001b[39m\n                \u001b[0mClose\u001b[0m\n              \u001b[36m</button>\u001b[39m\n            \u001b[36m</div>\u001b[39m\n          \u001b[36m</div>\u001b[39m\n        \u001b[36m</div>\u001b[39m\n      \u001b[36m</div>\u001b[39m\n    \u001b[36m</div>\u001b[39m\n  \u001b[36m</div>\u001b[39m\n\u001b[36m</body>\u001b[39m\n    at waitForWrapper (C:\\Users\\nrrfa\\OneDrive\\Documents\\GitHub\\Clinical-Calculator-Competency\\frontend\\node_modules\\@testing-library\\dom\\dist\\wait-for.js:163:27)\n    at Object.<anonymous> (C:\\Users\\nrrfa\\OneDrive\\Documents\\GitHub\\Clinical-Calculator-Competency\\frontend\\__tests__\\tickets-page-coverage.test.tsx:93:18)"],"fullName":"tickets page coverage opens ticket modal when clicking on a ticket","invocations":1,"location":null,"numPassingAsserts":1,"retryReasons":[],"status":"failed","title":"opens ticket modal when clicking on a ticket"},{"ancestorTitles":["tickets page coverage"],"duration":214,"failureDetails":[{"name":"TestingLibraryElementError"}],"failureMessages":["TestingLibraryElementError: Unable to find an accessible element with the role \"button\" and name `/delete/i`\n\nHere are the accessible roles:\n\n  heading:\n\n  Name \"Developer Tickets\":\n  \u001b[36m<h1\u001b[39m\n    \u001b[33mclass\u001b[39m=\u001b[32m\"mb-4 d-flex align-items-center gap-2\"\u001b[39m\n  \u001b[36m/>\u001b[39m\n\n  --------------------------------------------------\n  table:\n\n  Name \"\":\n  \u001b[36m<table\u001b[39m\n    \u001b[33mclass\u001b[39m=\u001b[32m\"table table-hover align-middle\"\u001b[39m\n  \u001b[36m/>\u001b[39m\n\n  --------------------------------------------------\n  rowgroup:\n\n  Name \"\":\n  \u001b[36m<thead\u001b[39m\n    \u001b[33mclass\u001b[39m=\u001b[32m\"table-light\"\u001b[39m\n  \u001b[36m/>\u001b[39m\n\n  Name \"\":\n  \u001b[36m<tbody />\u001b[39m\n\n  --------------------------------------------------\n  row:\n\n  Name \"# Title Type Status Submitted\":\n  \u001b[36m<tr />\u001b[39m\n\n  Name \"1 Login bug bug open 4/1/2026, 6:00:00 AM\":\n  \u001b[36m<tr />\u001b[39m\n\n  Name \"2 Add dark mode suggestion open 4/2/2026, 6:00:00 AM\":\n  \u001b[36m<tr />\u001b[39m\n\n  --------------------------------------------------\n  columnheader:\n\n  Name \"#\":\n  \u001b[36m<th />\u001b[39m\n\n  Name \"Title\":\n  \u001b[36m<th />\u001b[39m\n\n  Name \"Type\":\n  \u001b[36m<th />\u001b[39m\n\n  Name \"Status\":\n  \u001b[36m<th />\u001b[39m\n\n  Name \"Submitted\":\n  \u001b[36m<th />\u001b[39m\n\n  Name \"\":\n  \u001b[36m<th />\u001b[39m\n\n  --------------------------------------------------\n  cell:\n\n  Name \"1\":\n  \u001b[36m<td />\u001b[39m\n\n  Name \"Login bug\":\n  \u001b[36m<td />\u001b[39m\n\n  Name \"bug\":\n  \u001b[36m<td\u001b[39m\n    \u001b[33mclass\u001b[39m=\u001b[32m\"text-capitalize\"\u001b[39m\n  \u001b[36m/>\u001b[39m\n\n  Name \"open\":\n  \u001b[36m<td />\u001b[39m\n\n  Name \"4/1/2026, 6:00:00 AM\":\n  \u001b[36m<td />\u001b[39m\n\n  Name \"\":\n  \u001b[36m<td />\u001b[39m\n\n  Name \"2\":\n  \u001b[36m<td />\u001b[39m\n\n  Name \"Add dark mode\":\n  \u001b[36m<td />\u001b[39m\n\n  Name \"suggestion\":\n  \u001b[36m<td\u001b[39m\n    \u001b[33mclass\u001b[39m=\u001b[32m\"text-capitalize\"\u001b[39m\n  \u001b[36m/>\u001b[39m\n\n  Name \"open\":\n  \u001b[36m<td />\u001b[39m\n\n  Name \"4/2/2026, 6:00:00 AM\":\n  \u001b[36m<td />\u001b[39m\n\n  Name \"\":\n  \u001b[36m<td />\u001b[39m\n\n  --------------------------------------------------\n  button:\n\n  Name \"Login bug\":\n  \u001b[36m<button\u001b[39m\n    \u001b[33mclass\u001b[39m=\u001b[32m\"btn btn-link p-0 text-start\"\u001b[39m\n    \u001b[33mtype\u001b[39m=\u001b[32m\"button\"\u001b[39m\n  \u001b[36m/>\u001b[39m\n\n  Name \"\":\n  \u001b[36m<button\u001b[39m\n    \u001b[33mclass\u001b[39m=\u001b[32m\"btn btn-sm btn-outline-danger\"\u001b[39m\n  \u001b[36m/>\u001b[39m\n\n  Name \"Add dark mode\":\n  \u001b[36m<button\u001b[39m\n    \u001b[33mclass\u001b[39m=\u001b[32m\"btn btn-link p-0 text-start\"\u001b[39m\n    \u001b[33mtype\u001b[39m=\u001b[32m\"button\"\u001b[39m\n  \u001b[36m/>\u001b[39m\n\n  Name \"\":\n  \u001b[36m<button\u001b[39m\n    \u001b[33mclass\u001b[39m=\u001b[32m\"btn btn-sm btn-outline-danger\"\u001b[39m\n  \u001b[36m/>\u001b[39m\n\n  --------------------------------------------------\n\nIgnored nodes: comments, script, style\n\u001b[36m<body\u001b[39m\n  \u001b[33mclass\u001b[39m=\u001b[32m\"\"\u001b[39m\n\u001b[36m>\u001b[39m\n  \u001b[36m<div>\u001b[39m\n    \u001b[36m<div\u001b[39m\n      \u001b[33mclass\u001b[39m=\u001b[32m\"container py-4\"\u001b[39m\n    \u001b[36m>\u001b[39m\n      \u001b[36m<h1\u001b[39m\n        \u001b[33mclass\u001b[39m=\u001b[32m\"mb-4 d-flex align-items-center gap-2\"\u001b[39m\n      \u001b[36m>\u001b[39m\n        \u001b[36m<i\u001b[39m\n          \u001b[33mclass\u001b[39m=\u001b[32m\"bi bi-list-task\"\u001b[39m\n        \u001b[36m/>\u001b[39m\n        \u001b[0m Developer Tickets\u001b[0m\n      \u001b[36m</h1>\u001b[39m\n      \u001b[36m<div\u001b[39m\n        \u001b[33mclass\u001b[39m=\u001b[32m\"table-responsive\"\u001b[39m\n      \u001b[36m>\u001b[39m\n        \u001b[36m<table\u001b[39m\n          \u001b[33mclass\u001b[39m=\u001b[32m\"table table-hover align-middle\"\u001b[39m\n        \u001b[36m>\u001b[39m\n          \u001b[36m<thead\u001b[39m\n            \u001b[33mclass\u001b[39m=\u001b[32m\"table-light\"\u001b[39m\n          \u001b[36m>\u001b[39m\n            \u001b[36m<tr>\u001b[39m\n              \u001b[36m<th>\u001b[39m\n                \u001b[0m#\u001b[0m\n              \u001b[36m</th>\u001b[39m\n              \u001b[36m<th>\u001b[39m\n                \u001b[0mTitle\u001b[0m\n              \u001b[36m</th>\u001b[39m\n              \u001b[36m<th>\u001b[39m\n                \u001b[0mType\u001b[0m\n              \u001b[36m</th>\u001b[39m\n              \u001b[36m<th>\u001b[39m\n                \u001b[0mStatus\u001b[0m\n              \u001b[36m</th>\u001b[39m\n              \u001b[36m<th>\u001b[39m\n                \u001b[0mSubmitted\u001b[0m\n              \u001b[36m</th>\u001b[39m\n              \u001b[36m<th />\u001b[39m\n            \u001b[36m</tr>\u001b[39m\n          \u001b[36m</thead>\u001b[39m\n          \u001b[36m<tbody>\u001b[39m\n            \u001b[36m<tr>\u001b[39m\n              \u001b[36m<td>\u001b[39m\n                \u001b[0m1\u001b[0m\n              \u001b[36m</td>\u001b[39m\n              \u001b[36m<td>\u001b[39m\n                \u001b[36m<button\u001b[39m\n                  \u001b[33mclass\u001b[39m=\u001b[32m\"btn btn-link p-0 text-start\"\u001b[39m\n                  \u001b[33mtype\u001b[39m=\u001b[32m\"button\"\u001b[39m\n                \u001b[36m>\u001b[39m\n                  \u001b[0mLogin bug\u001b[0m\n                \u001b[36m</button>\u001b[39m\n              \u001b[36m</td>\u001b[39m\n              \u001b[36m<td\u001b[39m\n                \u001b[33mclass\u001b[39m=\u001b[32m\"text-capitalize\"\u001b[39m\n              \u001b[36m>\u001b[39m\n                \u001b[0mbug\u001b[0m\n              \u001b[36m</td>\u001b[39m\n              \u001b[36m<td>\u001b[39m\n                \u001b[0mopen\u001b[0m\n              \u001b[36m</td>\u001b[39m\n              \u001b[36m<td>\u001b[39m\n                \u001b[0m4/1/2026, 6:00:00 AM\u001b[0m\n              \u001b[36m</td>\u001b[39m\n              \u001b[36m<td>\u001b[39m\n                \u001b[36m<button\u001b[39m\n                  \u001b[33mclass\u001b[39m=\u001b[32m\"btn btn-sm btn-outline-danger\"\u001b[39m\n                \u001b[36m>\u001b[39m\n                  \u001b[36m<i\u001b[39m\n                    \u001b[33mclass\u001b[39m=\u001b[32m\"bi bi-trash\"\u001b[39m\n                  \u001b[36m/>\u001b[39m\n                \u001b[36m</button>\u001b[39m\n              \u001b[36m</td>\u001b[39m\n            \u001b[36m</tr>\u001b[39m\n            \u001b[36m<tr>\u001b[39m\n              \u001b[36m<td>\u001b[39m\n                \u001b[0m2\u001b[0m\n              \u001b[36m</td>\u001b[39m\n              \u001b[36m<td>\u001b[39m\n                \u001b[36m<button\u001b[39m\n                  \u001b[33mclass\u001b[39m=\u001b[32m\"btn btn-link p-0 text-start\"\u001b[39m\n                  \u001b[33mtype\u001b[39m=\u001b[32m\"button\"\u001b[39m\n                \u001b[36m>\u001b[39m\n                  \u001b[0mAdd dark mode\u001b[0m\n                \u001b[36m</button>\u001b[39m\n              \u001b[36m</td>\u001b[39m\n              \u001b[36m<td\u001b[39m\n                \u001b[33mclass\u001b[39m=\u001b[32m\"text-capitalize\"\u001b[39m\n              \u001b[36m>\u001b[39m\n                \u001b[0msuggestion\u001b[0m\n              \u001b[36m</td>\u001b[39m\n              \u001b[36m<td>\u001b[39m\n                \u001b[0mopen\u001b[0m\n              \u001b[36m</td>\u001b[39m\n              \u001b[36m<td>\u001b[39m\n                \u001b[0m4/2/2026, 6:00:00 AM\u001b[0m\n              \u001b[36m</td>\u001b[39m\n              \u001b[36m<td>\u001b[39m\n                \u001b[36m<button\u001b[39m\n                  \u001b[33mclass\u001b[39m=\u001b[32m\"btn btn-sm btn-outline-danger\"\u001b[39m\n                \u001b[36m>\u001b[39m\n                  \u001b[36m<i\u001b[39m\n                    \u001b[33mclass\u001b[39m=\u001b[32m\"bi bi-trash\"\u001b[39m\n                  \u001b[36m/>\u001b[39m\n                \u001b[36m</button>\u001b[39m\n              \u001b[36m</td>\u001b[39m\n            \u001b[36m</tr>\u001b[39m\n          \u001b[36m</tbody>\u001b[39m\n        \u001b[36m</table>\u001b[39m\n      \u001b[36m</div>\u001b[39m\n    \u001b[36m</div>\u001b[39m\n  \u001b[36m</div>\u001b[39m\n\u001b[36m</body>\u001b[39m\n    at Object.getElementError (C:\\Users\\nrrfa\\OneDrive\\Documents\\GitHub\\Clinical-Calculator-Competency\\frontend\\node_modules\\@testing-library\\dom\\dist\\config.js:37:19)\n    at C:\\Users\\nrrfa\\OneDrive\\Documents\\GitHub\\Clinical-Calculator-Competency\\frontend\\node_modules\\@testing-library\\dom\\dist\\query-helpers.js:76:38\n    at C:\\Users\\nrrfa\\OneDrive\\Documents\\GitHub\\Clinical-Calculator-Competency\\frontend\\node_modules\\@testing-library\\dom\\dist\\query-helpers.js:109:15\n    at Object.<anonymous> (C:\\Users\\nrrfa\\OneDrive\\Documents\\GitHub\\Clinical-Calculator-Competency\\frontend\\__tests__\\tickets-page-coverage.test.tsx:105:34)"],"fullName":"tickets page coverage deletes ticket when confirmed","invocations":1,"location":null,"numPassingAsserts":1,"retryReasons":[],"status":"failed","title":"deletes ticket when confirmed"},{"ancestorTitles":["tickets page coverage"],"duration":157,"failureDetails":[{"name":"TestingLibraryElementError"}],"failureMessages":["TestingLibraryElementError: Unable to find an accessible element with the role \"button\" and name `/delete/i`\n\nHere are the accessible roles:\n\n  heading:\n\n  Name \"Developer Tickets\":\n  \u001b[36m<h1\u001b[39m\n    \u001b[33mclass\u001b[39m=\u001b[32m\"mb-4 d-flex align-items-center gap-2\"\u001b[39m\n  \u001b[36m/>\u001b[39m\n\n  --------------------------------------------------\n  table:\n\n  Name \"\":\n  \u001b[36m<table\u001b[39m\n    \u001b[33mclass\u001b[39m=\u001b[32m\"table table-hover align-middle\"\u001b[39m\n  \u001b[36m/>\u001b[39m\n\n  --------------------------------------------------\n  rowgroup:\n\n  Name \"\":\n  \u001b[36m<thead\u001b[39m\n    \u001b[33mclass\u001b[39m=\u001b[32m\"table-light\"\u001b[39m\n  \u001b[36m/>\u001b[39m\n\n  Name \"\":\n  \u001b[36m<tbody />\u001b[39m\n\n  --------------------------------------------------\n  row:\n\n  Name \"# Title Type Status Submitted\":\n  \u001b[36m<tr />\u001b[39m\n\n  Name \"1 Login bug bug open 4/1/2026, 6:00:00 AM\":\n  \u001b[36m<tr />\u001b[39m\n\n  Name \"2 Add dark mode suggestion open 4/2/2026, 6:00:00 AM\":\n  \u001b[36m<tr />\u001b[39m\n\n  --------------------------------------------------\n  columnheader:\n\n  Name \"#\":\n  \u001b[36m<th />\u001b[39m\n\n  Name \"Title\":\n  \u001b[36m<th />\u001b[39m\n\n  Name \"Type\":\n  \u001b[36m<th />\u001b[39m\n\n  Name \"Status\":\n  \u001b[36m<th />\u001b[39m\n\n  Name \"Submitted\":\n  \u001b[36m<th />\u001b[39m\n\n  Name \"\":\n  \u001b[36m<th />\u001b[39m\n\n  --------------------------------------------------\n  cell:\n\n  Name \"1\":\n  \u001b[36m<td />\u001b[39m\n\n  Name \"Login bug\":\n  \u001b[36m<td />\u001b[39m\n\n  Name \"bug\":\n  \u001b[36m<td\u001b[39m\n    \u001b[33mclass\u001b[39m=\u001b[32m\"text-capitalize\"\u001b[39m\n  \u001b[36m/>\u001b[39m\n\n  Name \"open\":\n  \u001b[36m<td />\u001b[39m\n\n  Name \"4/1/2026, 6:00:00 AM\":\n  \u001b[36m<td />\u001b[39m\n\n  Name \"\":\n  \u001b[36m<td />\u001b[39m\n\n  Name \"2\":\n  \u001b[36m<td />\u001b[39m\n\n  Name \"Add dark mode\":\n  \u001b[36m<td />\u001b[39m\n\n  Name \"suggestion\":\n  \u001b[36m<td\u001b[39m\n    \u001b[33mclass\u001b[39m=\u001b[32m\"text-capitalize\"\u001b[39m\n  \u001b[36m/>\u001b[39m\n\n  Name \"open\":\n  \u001b[36m<td />\u001b[39m\n\n  Name \"4/2/2026, 6:00:00 AM\":\n  \u001b[36m<td />\u001b[39m\n\n  Name \"\":\n  \u001b[36m<td />\u001b[39m\n\n  --------------------------------------------------\n  button:\n\n  Name \"Login bug\":\n  \u001b[36m<button\u001b[39m\n    \u001b[33mclass\u001b[39m=\u001b[32m\"btn btn-link p-0 text-start\"\u001b[39m\n    \u001b[33mtype\u001b[39m=\u001b[32m\"button\"\u001b[39m\n  \u001b[36m/>\u001b[39m\n\n  Name \"\":\n  \u001b[36m<button\u001b[39m\n    \u001b[33mclass\u001b[39m=\u001b[32m\"btn btn-sm btn-outline-danger\"\u001b[39m\n  \u001b[36m/>\u001b[39m\n\n  Name \"Add dark mode\":\n  \u001b[36m<button\u001b[39m\n    \u001b[33mclass\u001b[39m=\u001b[32m\"btn btn-link p-0 text-start\"\u001b[39m\n    \u001b[33mtype\u001b[39m=\u001b[32m\"button\"\u001b[39m\n  \u001b[36m/>\u001b[39m\n\n  Name \"\":\n  \u001b[36m<button\u001b[39m\n    \u001b[33mclass\u001b[39m=\u001b[32m\"btn btn-sm btn-outline-danger\"\u001b[39m\n  \u001b[36m/>\u001b[39m\n\n  --------------------------------------------------\n\nIgnored nodes: comments, script, style\n\u001b[36m<body\u001b[39m\n  \u001b[33mclass\u001b[39m=\u001b[32m\"\"\u001b[39m\n\u001b[36m>\u001b[39m\n  \u001b[36m<div>\u001b[39m\n    \u001b[36m<div\u001b[39m\n      \u001b[33mclass\u001b[39m=\u001b[32m\"container py-4\"\u001b[39m\n    \u001b[36m>\u001b[39m\n      \u001b[36m<h1\u001b[39m\n        \u001b[33mclass\u001b[39m=\u001b[32m\"mb-4 d-flex align-items-center gap-2\"\u001b[39m\n      \u001b[36m>\u001b[39m\n        \u001b[36m<i\u001b[39m\n          \u001b[33mclass\u001b[39m=\u001b[32m\"bi bi-list-task\"\u001b[39m\n        \u001b[36m/>\u001b[39m\n        \u001b[0m Developer Tickets\u001b[0m\n      \u001b[36m</h1>\u001b[39m\n      \u001b[36m<div\u001b[39m\n        \u001b[33mclass\u001b[39m=\u001b[32m\"table-responsive\"\u001b[39m\n      \u001b[36m>\u001b[39m\n        \u001b[36m<table\u001b[39m\n          \u001b[33mclass\u001b[39m=\u001b[32m\"table table-hover align-middle\"\u001b[39m\n        \u001b[36m>\u001b[39m\n          \u001b[36m<thead\u001b[39m\n            \u001b[33mclass\u001b[39m=\u001b[32m\"table-light\"\u001b[39m\n          \u001b[36m>\u001b[39m\n            \u001b[36m<tr>\u001b[39m\n              \u001b[36m<th>\u001b[39m\n                \u001b[0m#\u001b[0m\n              \u001b[36m</th>\u001b[39m\n              \u001b[36m<th>\u001b[39m\n                \u001b[0mTitle\u001b[0m\n              \u001b[36m</th>\u001b[39m\n              \u001b[36m<th>\u001b[39m\n                \u001b[0mType\u001b[0m\n              \u001b[36m</th>\u001b[39m\n              \u001b[36m<th>\u001b[39m\n                \u001b[0mStatus\u001b[0m\n              \u001b[36m</th>\u001b[39m\n              \u001b[36m<th>\u001b[39m\n                \u001b[0mSubmitted\u001b[0m\n              \u001b[36m</th>\u001b[39m\n              \u001b[36m<th />\u001b[39m\n            \u001b[36m</tr>\u001b[39m\n          \u001b[36m</thead>\u001b[39m\n          \u001b[36m<tbody>\u001b[39m\n            \u001b[36m<tr>\u001b[39m\n              \u001b[36m<td>\u001b[39m\n                \u001b[0m1\u001b[0m\n              \u001b[36m</td>\u001b[39m\n              \u001b[36m<td>\u001b[39m\n                \u001b[36m<button\u001b[39m\n                  \u001b[33mclass\u001b[39m=\u001b[32m\"btn btn-link p-0 text-start\"\u001b[39m\n                  \u001b[33mtype\u001b[39m=\u001b[32m\"button\"\u001b[39m\n                \u001b[36m>\u001b[39m\n                  \u001b[0mLogin bug\u001b[0m\n                \u001b[36m</button>\u001b[39m\n              \u001b[36m</td>\u001b[39m\n              \u001b[36m<td\u001b[39m\n                \u001b[33mclass\u001b[39m=\u001b[32m\"text-capitalize\"\u001b[39m\n              \u001b[36m>\u001b[39m\n                \u001b[0mbug\u001b[0m\n              \u001b[36m</td>\u001b[39m\n              \u001b[36m<td>\u001b[39m\n                \u001b[0mopen\u001b[0m\n              \u001b[36m</td>\u001b[39m\n              \u001b[36m<td>\u001b[39m\n                \u001b[0m4/1/2026, 6:00:00 AM\u001b[0m\n              \u001b[36m</td>\u001b[39m\n              \u001b[36m<td>\u001b[39m\n                \u001b[36m<button\u001b[39m\n                  \u001b[33mclass\u001b[39m=\u001b[32m\"btn btn-sm btn-outline-danger\"\u001b[39m\n                \u001b[36m>\u001b[39m\n                  \u001b[36m<i\u001b[39m\n                    \u001b[33mclass\u001b[39m=\u001b[32m\"bi bi-trash\"\u001b[39m\n                  \u001b[36m/>\u001b[39m\n                \u001b[36m</button>\u001b[39m\n              \u001b[36m</td>\u001b[39m\n            \u001b[36m</tr>\u001b[39m\n            \u001b[36m<tr>\u001b[39m\n              \u001b[36m<td>\u001b[39m\n                \u001b[0m2\u001b[0m\n              \u001b[36m</td>\u001b[39m\n              \u001b[36m<td>\u001b[39m\n                \u001b[36m<button\u001b[39m\n                  \u001b[33mclass\u001b[39m=\u001b[32m\"btn btn-link p-0 text-start\"\u001b[39m\n                  \u001b[33mtype\u001b[39m=\u001b[32m\"button\"\u001b[39m\n                \u001b[36m>\u001b[39m\n                  \u001b[0mAdd dark mode\u001b[0m\n                \u001b[36m</button>\u001b[39m\n              \u001b[36m</td>\u001b[39m\n              \u001b[36m<td\u001b[39m\n                \u001b[33mclass\u001b[39m=\u001b[32m\"text-capitalize\"\u001b[39m\n              \u001b[36m>\u001b[39m\n                \u001b[0msuggestion\u001b[0m\n              \u001b[36m</td>\u001b[39m\n              \u001b[36m<td>\u001b[39m\n                \u001b[0mopen\u001b[0m\n              \u001b[36m</td>\u001b[39m\n              \u001b[36m<td>\u001b[39m\n                \u001b[0m4/2/2026, 6:00:00 AM\u001b[0m\n              \u001b[36m</td>\u001b[39m\n              \u001b[36m<td>\u001b[39m\n                \u001b[36m<button\u001b[39m\n                  \u001b[33mclass\u001b[39m=\u001b[32m\"btn btn-sm btn-outline-danger\"\u001b[39m\n                \u001b[36m>\u001b[39m\n                  \u001b[36m<i\u001b[39m\n                    \u001b[33mclass\u001b[39m=\u001b[32m\"bi bi-trash\"\u001b[39m\n                  \u001b[36m/>\u001b[39m\n                \u001b[36m</button>\u001b[39m\n              \u001b[36m</td>\u001b[39m\n            \u001b[36m</tr>\u001b[39m\n          \u001b[36m</tbody>\u001b[39m\n        \u001b[36m</table>\u001b[39m\n      \u001b[36m</div>\u001b[39m\n    \u001b[36m</div>\u001b[39m\n  \u001b[36m</div>\u001b[39m\n\u001b[36m</body>\u001b[39m\n    at Object.getElementError (C:\\Users\\nrrfa\\OneDrive\\Documents\\GitHub\\Clinical-Calculator-Competency\\frontend\\node_modules\\@testing-library\\dom\\dist\\config.js:37:19)\n    at C:\\Users\\nrrfa\\OneDrive\\Documents\\GitHub\\Clinical-Calculator-Competency\\frontend\\node_modules\\@testing-library\\dom\\dist\\query-helpers.js:76:38\n    at C:\\Users\\nrrfa\\OneDrive\\Documents\\GitHub\\Clinical-Calculator-Competency\\frontend\\node_modules\\@testing-library\\dom\\dist\\query-helpers.js:109:15\n    at Object.<anonymous> (C:\\Users\\nrrfa\\OneDrive\\Documents\\GitHub\\Clinical-Calculator-Competency\\frontend\\__tests__\\tickets-page-coverage.test.tsx:120:34)"],"fullName":"tickets page coverage shows toast message on success","invocations":1,"location":null,"numPassingAsserts":1,"retryReasons":[],"status":"failed","title":"shows toast message on success"},{"ancestorTitles":["tickets page coverage"],"duration":37,"failureDetails":[{"name":"TestingLibraryElementError"}],"failureMessages":["Error: Unable to find an element with the text: ticket-1. This could be because the text is broken up by multiple elements. In this case, you can provide a function for your text matcher to make your matcher more flexible.\n\nIgnored nodes: comments, script, style\n\u001b[36m<body\u001b[39m\n  \u001b[33mclass\u001b[39m=\u001b[32m\"modal-open\"\u001b[39m\n\u001b[36m>\u001b[39m\n  \u001b[36m<div>\u001b[39m\n    \u001b[36m<div\u001b[39m\n      \u001b[33mclass\u001b[39m=\u001b[32m\"container py-4\"\u001b[39m\n    \u001b[36m>\u001b[39m\n      \u001b[36m<h1\u001b[39m\n        \u001b[33mclass\u001b[39m=\u001b[32m\"mb-4 d-flex align-items-center gap-2\"\u001b[39m\n      \u001b[36m>\u001b[39m\n        \u001b[36m<i\u001b[39m\n          \u001b[33mclass\u001b[39m=\u001b[32m\"bi bi-list-task\"\u001b[39m\n        \u001b[36m/>\u001b[39m\n        \u001b[0m Developer Tickets\u001b[0m\n      \u001b[36m</h1>\u001b[39m\n      \u001b[36m<div\u001b[39m\n        \u001b[33mclass\u001b[39m=\u001b[32m\"table-responsive\"\u001b[39m\n      \u001b[36m>\u001b[39m\n        \u001b[36m<table\u001b[39m\n          \u001b[33mclass\u001b[39m=\u001b[32m\"table table-hover align-middle\"\u001b[39m\n        \u001b[36m>\u001b[39m\n          \u001b[36m<thead\u001b[39m\n            \u001b[33mclass\u001b[39m=\u001b[32m\"table-light\"\u001b[39m\n          \u001b[36m>\u001b[39m\n            \u001b[36m<tr>\u001b[39m\n              \u001b[36m<th>\u001b[39m\n                \u001b[0m#\u001b[0m\n              \u001b[36m</th>\u001b[39m\n              \u001b[36m<th>\u001b[39m\n                \u001b[0mTitle\u001b[0m\n              \u001b[36m</th>\u001b[39m\n              \u001b[36m<th>\u001b[39m\n                \u001b[0mType\u001b[0m\n              \u001b[36m</th>\u001b[39m\n              \u001b[36m<th>\u001b[39m\n                \u001b[0mStatus\u001b[0m\n              \u001b[36m</th>\u001b[39m\n              \u001b[36m<th>\u001b[39m\n                \u001b[0mSubmitted\u001b[0m\n              \u001b[36m</th>\u001b[39m\n              \u001b[36m<th />\u001b[39m\n            \u001b[36m</tr>\u001b[39m\n          \u001b[36m</thead>\u001b[39m\n          \u001b[36m<tbody>\u001b[39m\n            \u001b[36m<tr>\u001b[39m\n              \u001b[36m<td>\u001b[39m\n                \u001b[0m1\u001b[0m\n              \u001b[36m</td>\u001b[39m\n              \u001b[36m<td>\u001b[39m\n                \u001b[36m<button\u001b[39m\n                  \u001b[33mclass\u001b[39m=\u001b[32m\"btn btn-link p-0 text-start\"\u001b[39m\n                  \u001b[33mtype\u001b[39m=\u001b[32m\"button\"\u001b[39m\n                \u001b[36m>\u001b[39m\n                  \u001b[0mLogin bug\u001b[0m\n                \u001b[36m</button>\u001b[39m\n              \u001b[36m</td>\u001b[39m\n              \u001b[36m<td\u001b[39m\n                \u001b[33mclass\u001b[39m=\u001b[32m\"text-capitalize\"\u001b[39m\n              \u001b[36m>\u001b[39m\n                \u001b[0mbug\u001b[0m\n              \u001b[36m</td>\u001b[39m\n              \u001b[36m<td>\u001b[39m\n                \u001b[0mopen\u001b[0m\n              \u001b[36m</td>\u001b[39m\n              \u001b[36m<td>\u001b[39m\n                \u001b[0m4/1/2026, 6:00:00 AM\u001b[0m\n              \u001b[36m</td>\u001b[39m\n              \u001b[36m<td>\u001b[39m\n                \u001b[36m<button\u001b[39m\n                  \u001b[33mclass\u001b[39m=\u001b[32m\"btn btn-sm btn-outline-danger\"\u001b[39m\n                \u001b[36m>\u001b[39m\n                  \u001b[36m<i\u001b[39m\n                    \u001b[33mclass\u001b[39m=\u001b[32m\"bi bi-trash\"\u001b[39m\n                  \u001b[36m/>\u001b[39m\n                \u001b[36m</button>\u001b[39m\n              \u001b[36m</td>\u001b[39m\n            \u001b[36m</tr>\u001b[39m\n            \u001b[36m<tr>\u001b[39m\n              \u001b[36m<td>\u001b[39m\n                \u001b[0m2\u001b[0m\n              \u001b[36m</td>\u001b[39m\n              \u001b[36m<td>\u001b[39m\n                \u001b[36m<button\u001b[39m\n                  \u001b[33mclass\u001b[39m=\u001b[32m\"btn btn-link p-0 text-start\"\u001b[39m\n                  \u001b[33mtype\u001b[39m=\u001b[32m\"button\"\u001b[39m\n                \u001b[36m>\u001b[39m\n                  \u001b[0mAdd dark mode\u001b[0m\n                \u001b[36m</button>\u001b[39m\n              \u001b[36m</td>\u001b[39m\n              \u001b[36m<td\u001b[39m\n                \u001b[33mclass\u001b[39m=\u001b[32m\"text-capitalize\"\u001b[39m\n              \u001b[36m>\u001b[39m\n                \u001b[0msuggestion\u001b[0m\n              \u001b[36m</td>\u001b[39m\n              \u001b[36m<td>\u001b[39m\n                \u001b[0mopen\u001b[0m\n              \u001b[36m</td>\u001b[39m\n              \u001b[36m<td>\u001b[39m\n                \u001b[0m4/2/2026, 6:00:00 AM\u001b[0m\n              \u001b[36m</td>\u001b[39m\n              \u001b[36m<td>\u001b[39m\n                \u001b[36m<button\u001b[39m\n                  \u001b[33mclass\u001b[39m=\u001b[32m\"btn btn-sm btn-outline-danger\"\u001b[39m\n                \u001b[36m>\u001b[39m\n                  \u001b[36m<i\u001b[39m\n                    \u001b[33mclass\u001b[39m=\u001b[32m\"bi bi-trash\"\u001b[39m\n                  \u001b[36m/>\u001b[39m\n                \u001b[36m</button>\u001b[39m\n              \u001b[36m</td>\u001b[39m\n            \u001b[36m</tr>\u001b[39m\n          \u001b[36m</tbody>\u001b[39m\n        \u001b[36m</table>\u001b[39m\n      \u001b[36m</div>\u001b[39m\n      \u001b[36m<button\u001b[39m\n        \u001b[33maria-label\u001b[39m=\u001b[32m\"Close ticket details\"\u001b[39m\n        \u001b[33mclass\u001b[39m=\u001b[32m\"modal-backdrop fade show border-0\"\u001b[39m\n        \u001b[33mtype\u001b[39m=\u001b[32m\"button\"\u001b[39m\n      \u001b[36m/>\u001b[39m\n      \u001b[36m<div\u001b[39m\n        \u001b[33maria-modal\u001b[39m=\u001b[32m\"true\"\u001b[39m\n        \u001b[33mclass\u001b[39m=\u001b[32m\"modal fade show d-block\"\u001b[39m\n        \u001b[33mrole\u001b[39m=\u001b[32m\"dialog\"\u001b[39m\n      \u001b[36m>\u001b[39m\n        \u001b[36m<div\u001b[39m\n          \u001b[33mclass\u001b[39m=\u001b[32m\"modal-dialog modal-lg\"\u001b[39m\n        \u001b[36m>\u001b[39m\n          \u001b[36m<div\u001b[39m\n            \u001b[33mclass\u001b[39m=\u001b[32m\"modal-content rounded-3 shadow\"\u001b[39m\n          \u001b[36m>\u001b[39m\n            \u001b[36m<div\u001b[39m\n              \u001b[33mclass\u001b[39m=\u001b[32m\"modal-header\"\u001b[39m\n            \u001b[36m>\u001b[39m\n              \u001b[36m<h5\u001b[39m\n                \u001b[33mclass\u001b[39m=\u001b[32m\"modal-title\"\u001b[39m\n              \u001b[36m>\u001b[39m\n                \u001b[0mLogin bug\u001b[0m\n              \u001b[36m</h5>\u001b[39m\n              \u001b[36m<button\u001b[39m\n                \u001b[33maria-label\u001b[39m=\u001b[32m\"Close\"\u001b[39m\n                \u001b[33mclass\u001b[39m=\u001b[32m\"btn-close\"\u001b[39m\n                \u001b[33mtype\u001b[39m=\u001b[32m\"button\"\u001b[39m\n              \u001b[36m/>\u001b[39m\n            \u001b[36m</div>\u001b[39m\n            \u001b[36m<div\u001b[39m\n              \u001b[33mclass\u001b[39m=\u001b[32m\"modal-body\"\u001b[39m\n            \u001b[36m>\u001b[39m\n              \u001b[36m<p\u001b[39m\n                \u001b[33mclass\u001b[39m=\u001b[32m\"mb-2\"\u001b[39m\n              \u001b[36m>\u001b[39m\n                \u001b[36m<span\u001b[39m\n                  \u001b[33mclass\u001b[39m=\u001b[32m\"badge bg-secondary text-capitalize me-2\"\u001b[39m\n                \u001b[36m>\u001b[39m\n                  \u001b[0mbug\u001b[0m\n                \u001b[36m</span>\u001b[39m\n                \u001b[36m<span\u001b[39m\n                  \u001b[33mclass\u001b[39m=\u001b[32m\"badge bg-info me-2\"\u001b[39m\n                \u001b[36m>\u001b[39m\n                  \u001b[0mopen\u001b[0m\n                \u001b[36m</span>\u001b[39m\n                \u001b[36m<small\u001b[39m\n                  \u001b[33mclass\u001b[39m=\u001b[32m\"text-muted\"\u001b[39m\n                \u001b[36m>\u001b[39m\n                  \u001b[0msubmitted \u001b[0m\n                  \u001b[0m4/1/2026, 6:00:00 AM\u001b[0m\n                \u001b[36m</small>\u001b[39m\n              \u001b[36m</p>\u001b[39m\n              \u001b[36m<pre\u001b[39m\n                \u001b[33mstyle\u001b[39m=\u001b[32m\"white-space: pre-wrap;\"\u001b[39m\n              \u001b[36m>\u001b[39m\n                \u001b[0mCannot login with special characters\u001b[0m\n              \u001b[36m</pre>\u001b[39m\n            \u001b[36m</div>\u001b[39m\n            \u001b[36m<div\u001b[39m\n              \u001b[33mclass\u001b[39m=\u001b[32m\"modal-footer\"\u001b[39m\n            \u001b[36m>\u001b[39m\n              \u001b[36m<button\u001b[39m\n                \u001b[33mclass\u001b[39m=\u001b[32m\"btn btn-secondary\"\u001b[39m\n              \u001b[36m>\u001b[39m\n                \u001b[0mClose\u001b[0m\n              \u001b[36m</button>\u001b[39m\n            \u001b[36m</div>\u001b[39m\n          \u001b[36m</div>\u001b[39m\n        \u001b[36m</div>\u001b[39m\n      \u001b[36m</div>\u001b[39m\n    \u001b[36m</div>\u001b[39m\n  \u001b[36m</div>\u001b[39m\n\u001b[36m</body>\u001b[39m\n    at waitForWrapper (C:\\Users\\nrrfa\\OneDrive\\Documents\\GitHub\\Clinical-Calculator-Competency\\frontend\\node_modules\\@testing-library\\dom\\dist\\wait-for.js:163:27)\n    at Object.<anonymous> (C:\\Users\\nrrfa\\OneDrive\\Documents\\GitHub\\Clinical-Calculator-Competency\\frontend\\__tests__\\tickets-page-coverage.test.tsx:140:18)"],"fullName":"tickets page coverage closes modal when clicking close button","invocations":1,"location":null,"numPassingAsserts":1,"retryReasons":[],"status":"failed","title":"closes modal when clicking close button"},{"ancestorTitles":["tickets page coverage"],"duration":25,"failureDetails":[],"failureMessages":[],"fullName":"tickets page coverage handles fetch error gracefully","invocations":1,"location":null,"numPassingAsserts":1,"retryReasons":[],"status":"passed","title":"handles fetch error gracefully"}],"endTime":1776405420552,"message":"\u001b[1m\u001b[31m  \u001b[1m● \u001b[22m\u001b[1mtickets page coverage › opens ticket modal when clicking on a ticket\u001b[39m\u001b[22m\n\n    Unable to find an element with the text: ticket-1. This could be because the text is broken up by multiple elements. In this case, you can provide a function for your text matcher to make your matcher more flexible.\n\n    Ignored nodes: comments, script, style\n    \u001b[36m<body\u001b[39m\n      \u001b[33mclass\u001b[39m=\u001b[32m\"modal-open\"\u001b[39m\n    \u001b[36m>\u001b[39m\n      \u001b[36m<div>\u001b[39m\n        \u001b[36m<div\u001b[39m\n          \u001b[33mclass\u001b[39m=\u001b[32m\"container py-4\"\u001b[39m\n        \u001b[36m>\u001b[39m\n          \u001b[36m<h1\u001b[39m\n            \u001b[33mclass\u001b[39m=\u001b[32m\"mb-4 d-flex align-items-center gap-2\"\u001b[39m\n          \u001b[36m>\u001b[39m\n            \u001b[36m<i\u001b[39m\n              \u001b[33mclass\u001b[39m=\u001b[32m\"bi bi-list-task\"\u001b[39m\n            \u001b[36m/>\u001b[39m\n            \u001b[0m Developer Tickets\u001b[0m\n          \u001b[36m</h1>\u001b[39m\n          \u001b[36m<div\u001b[39m\n            \u001b[33mclass\u001b[39m=\u001b[32m\"table-responsive\"\u001b[39m\n          \u001b[36m>\u001b[39m\n            \u001b[36m<table\u001b[39m\n              \u001b[33mclass\u001b[39m=\u001b[32m\"table table-hover align-middle\"\u001b[39m\n            \u001b[36m>\u001b[39m\n              \u001b[36m<thead\u001b[39m\n                \u001b[33mclass\u001b[39m=\u001b[32m\"table-light\"\u001b[39m\n              \u001b[36m>\u001b[39m\n                \u001b[36m<tr>\u001b[39m\n                  \u001b[36m<th>\u001b[39m\n                    \u001b[0m#\u001b[0m\n                  \u001b[36m</th>\u001b[39m\n                  \u001b[36m<th>\u001b[39m\n                    \u001b[0mTitle\u001b[0m\n                  \u001b[36m</th>\u001b[39m\n                  \u001b[36m<th>\u001b[39m\n                    \u001b[0mType\u001b[0m\n                  \u001b[36m</th>\u001b[39m\n                  \u001b[36m<th>\u001b[39m\n                    \u001b[0mStatus\u001b[0m\n                  \u001b[36m</th>\u001b[39m\n                  \u001b[36m<th>\u001b[39m\n                    \u001b[0mSubmitted\u001b[0m\n                  \u001b[36m</th>\u001b[39m\n                  \u001b[36m<th />\u001b[39m\n                \u001b[36m</tr>\u001b[39m\n              \u001b[36m</thead>\u001b[39m\n              \u001b[36m<tbody>\u001b[39m\n                \u001b[36m<tr>\u001b[39m\n                  \u001b[36m<td>\u001b[39m\n                    \u001b[0m1\u001b[0m\n                  \u001b[36m</td>\u001b[39m\n                  \u001b[36m<td>\u001b[39m\n                    \u001b[36m<button\u001b[39m\n                      \u001b[33mclass\u001b[39m=\u001b[32m\"btn btn-link p-0 text-start\"\u001b[39m\n                      \u001b[33mtype\u001b[39m=\u001b[32m\"button\"\u001b[39m\n                    \u001b[36m>\u001b[39m\n                      \u001b[0mLogin bug\u001b[0m\n                    \u001b[36m</button>\u001b[39m\n                  \u001b[36m</td>\u001b[39m\n                  \u001b[36m<td\u001b[39m\n                    \u001b[33mclass\u001b[39m=\u001b[32m\"text-capitalize\"\u001b[39m\n                  \u001b[36m>\u001b[39m\n                    \u001b[0mbug\u001b[0m\n                  \u001b[36m</td>\u001b[39m\n                  \u001b[36m<td>\u001b[39m\n                    \u001b[0mopen\u001b[0m\n                  \u001b[36m</td>\u001b[39m\n                  \u001b[36m<td>\u001b[39m\n                    \u001b[0m4/1/2026, 6:00:00 AM\u001b[0m\n                  \u001b[36m</td>\u001b[39m\n                  \u001b[36m<td>\u001b[39m\n                    \u001b[36m<button\u001b[39m\n                      \u001b[33mclass\u001b[39m=\u001b[32m\"btn btn-sm btn-outline-danger\"\u001b[39m\n                    \u001b[36m>\u001b[39m\n                      \u001b[36m<i\u001b[39m\n                        \u001b[33mclass\u001b[39m=\u001b[32m\"bi bi-trash\"\u001b[39m\n                      \u001b[36m/>\u001b[39m\n                    \u001b[36m</button>\u001b[39m\n                  \u001b[36m</td>\u001b[39m\n                \u001b[36m</tr>\u001b[39m\n                \u001b[36m<tr>\u001b[39m\n                  \u001b[36m<td>\u001b[39m\n                    \u001b[0m2\u001b[0m\n                  \u001b[36m</td>\u001b[39m\n                  \u001b[36m<td>\u001b[39m\n                    \u001b[36m<button\u001b[39m\n                      \u001b[33mclass\u001b[39m=\u001b[32m\"btn btn-link p-0 text-start\"\u001b[39m\n                      \u001b[33mtype\u001b[39m=\u001b[32m\"button\"\u001b[39m\n                    \u001b[36m>\u001b[39m\n                      \u001b[0mAdd dark mode\u001b[0m\n                    \u001b[36m</button>\u001b[39m\n                  \u001b[36m</td>\u001b[39m\n                  \u001b[36m<td\u001b[39m\n                    \u001b[33mclass\u001b[39m=\u001b[32m\"text-capitalize\"\u001b[39m\n                  \u001b[36m>\u001b[39m\n                    \u001b[0msuggestion\u001b[0m\n                  \u001b[36m</td>\u001b[39m\n                  \u001b[36m<td>\u001b[39m\n                    \u001b[0mopen\u001b[0m\n                  \u001b[36m</td>\u001b[39m\n                  \u001b[36m<td>\u001b[39m\n                    \u001b[0m4/2/2026, 6:00:00 AM\u001b[0m\n                  \u001b[36m</td>\u001b[39m\n                  \u001b[36m<td>\u001b[39m\n                    \u001b[36m<button\u001b[39m\n                      \u001b[33mclass\u001b[39m=\u001b[32m\"btn btn-sm btn-outline-danger\"\u001b[39m\n                    \u001b[36m>\u001b[39m\n                      \u001b[36m<i\u001b[39m\n                        \u001b[33mclass\u001b[39m=\u001b[32m\"bi bi-trash\"\u001b[39m\n                      \u001b[36m/>\u001b[39m\n                    \u001b[36m</button>\u001b[39m\n                  \u001b[36m</td>\u001b[39m\n                \u001b[36m</tr>\u001b[39m\n              \u001b[36m</tbody>\u001b[39m\n            \u001b[36m</table>\u001b[39m\n          \u001b[36m</div>\u001b[39m\n          \u001b[36m<button\u001b[39m\n            \u001b[33maria-label\u001b[39m=\u001b[32m\"Close ticket details\"\u001b[39m\n            \u001b[33mclass\u001b[39m=\u001b[32m\"modal-backdrop fade show border-0\"\u001b[39m\n            \u001b[33mtype\u001b[39m=\u001b[32m\"button\"\u001b[39m\n          \u001b[36m/>\u001b[39m\n          \u001b[36m<div\u001b[39m\n            \u001b[33maria-modal\u001b[39m=\u001b[32m\"true\"\u001b[39m\n            \u001b[33mclass\u001b[39m=\u001b[32m\"modal fade show d-block\"\u001b[39m\n            \u001b[33mrole\u001b[39m=\u001b[32m\"dialog\"\u001b[39m\n          \u001b[36m>\u001b[39m\n            \u001b[36m<div\u001b[39m\n              \u001b[33mclass\u001b[39m=\u001b[32m\"modal-dialog modal-lg\"\u001b[39m\n            \u001b[36m>\u001b[39m\n              \u001b[36m<div\u001b[39m\n                \u001b[33mclass\u001b[39m=\u001b[32m\"modal-content rounded-3 shadow\"\u001b[39m\n              \u001b[36m>\u001b[39m\n                \u001b[36m<div\u001b[39m\n                  \u001b[33mclass\u001b[39m=\u001b[32m\"modal-header\"\u001b[39m\n                \u001b[36m>\u001b[39m\n                  \u001b[36m<h5\u001b[39m\n                    \u001b[33mclass\u001b[39m=\u001b[32m\"modal-title\"\u001b[39m\n                  \u001b[36m>\u001b[39m\n                    \u001b[0mLogin bug\u001b[0m\n                  \u001b[36m</h5>\u001b[39m\n                  \u001b[36m<button\u001b[39m\n                    \u001b[33maria-label\u001b[39m=\u001b[32m\"Close\"\u001b[39m\n                    \u001b[33mclass\u001b[39m=\u001b[32m\"btn-close\"\u001b[39m\n                    \u001b[33mtype\u001b[39m=\u001b[32m\"button\"\u001b[39m\n                  \u001b[36m/>\u001b[39m\n                \u001b[36m</div>\u001b[39m\n                \u001b[36m<div\u001b[39m\n                  \u001b[33mclass\u001b[39m=\u001b[32m\"modal-body\"\u001b[39m\n                \u001b[36m>\u001b[39m\n                  \u001b[36m<p\u001b[39m\n                    \u001b[33mclass\u001b[39m=\u001b[32m\"mb-2\"\u001b[39m\n                  \u001b[36m>\u001b[39m\n                    \u001b[36m<span\u001b[39m\n                      \u001b[33mclass\u001b[39m=\u001b[32m\"badge bg-secondary text-capitalize me-2\"\u001b[39m\n                    \u001b[36m>\u001b[39m\n                      \u001b[0mbug\u001b[0m\n                    \u001b[36m</span>\u001b[39m\n                    \u001b[36m<span\u001b[39m\n                      \u001b[33mclass\u001b[39m=\u001b[32m\"badge bg-info me-2\"\u001b[39m\n                    \u001b[36m>\u001b[39m\n                      \u001b[0mopen\u001b[0m\n                    \u001b[36m</span>\u001b[39m\n                    \u001b[36m<small\u001b[39m\n                      \u001b[33mclass\u001b[39m=\u001b[32m\"text-muted\"\u001b[39m\n                    \u001b[36m>\u001b[39m\n                      \u001b[0msubmitted \u001b[0m\n                      \u001b[0m4/1/2026, 6:00:00 AM\u001b[0m\n                    \u001b[36m</small>\u001b[39m\n                  \u001b[36m</p>\u001b[39m\n                  \u001b[36m<pre\u001b[39m\n                    \u001b[33mstyle\u001b[39m=\u001b[32m\"white-space: pre-wrap;\"\u001b[39m\n                  \u001b[36m>\u001b[39m\n                    \u001b[0mCannot login with special characters\u001b[0m\n                  \u001b[36m</pre>\u001b[39m\n                \u001b[36m</div>\u001b[39m\n                \u001b[36m<div\u001b[39m\n                  \u001b[33mclass\u001b[39m=\u001b[32m\"modal-footer\"\u001b[39m\n                \u001b[36m>\u001b[39m\n                  \u001b[36m<button\u001b[39m\n                    \u001b[33mclass\u001b[39m=\u001b[32m\"btn btn-secondary\"\u001b[39m\n                  \u001b[36m>\u001b[39m\n                    \u001b[0mClose\u001b[0m\n                  \u001b[36m</button>\u001b[39m\n                \u001b[36m</div>\u001b[39m\n              \u001b[36m</div>\u001b[39m\n            \u001b[36m</div>\u001b[39m\n          \u001b[36m</div>\u001b[39m\n        \u001b[36m</div>\u001b[39m\n      \u001b[36m</div>\u001b[39m\n    \u001b[36m</body>\u001b[39m\n\u001b[2m\u001b[22m\n\u001b[2m    \u001b[0m \u001b[90m 91 |\u001b[39m     fireEvent\u001b[33m.\u001b[39mclick(screen\u001b[33m.\u001b[39mgetByText(\u001b[32m'Login bug'\u001b[39m))\u001b[33m;\u001b[39m\u001b[22m\n\u001b[2m     \u001b[90m 92 |\u001b[39m\u001b[22m\n\u001b[2m    \u001b[31m\u001b[1m>\u001b[22m\u001b[2m\u001b[39m\u001b[90m 93 |\u001b[39m     \u001b[36mawait\u001b[39m waitFor(() \u001b[33m=>\u001b[39m {\u001b[22m\n\u001b[2m     \u001b[90m    |\u001b[39m                  \u001b[31m\u001b[1m^\u001b[22m\u001b[2m\u001b[39m\u001b[22m\n\u001b[2m     \u001b[90m 94 |\u001b[39m       expect(screen\u001b[33m.\u001b[39mgetByText(\u001b[32m'ticket-1'\u001b[39m))\u001b[33m.\u001b[39mtoBeInTheDocument()\u001b[33m;\u001b[39m\u001b[22m\n\u001b[2m     \u001b[90m 95 |\u001b[39m     })\u001b[33m;\u001b[39m\u001b[22m\n\u001b[2m     \u001b[90m 96 |\u001b[39m   })\u001b[33m;\u001b[39m\u001b[0m\u001b[22m\n\u001b[2m\u001b[22m\n\u001b[2m      \u001b[2mat waitForWrapper (\u001b[22m\u001b[2mnode_modules/@testing-library/dom/dist/wait-for.js\u001b[2m:163:27)\u001b[22m\u001b[2m\u001b[22m\n\u001b[2m      \u001b[2mat Object.<anonymous> (\u001b[22m\u001b[2m\u001b[0m\u001b[36m__tests__/tickets-page-coverage.test.tsx\u001b[39m\u001b[0m\u001b[2m:93:18)\u001b[22m\u001b[2m\u001b[22m\n\n\u001b[1m\u001b[31m  \u001b[1m● \u001b[22m\u001b[1mtickets page coverage › deletes ticket when confirmed\u001b[39m\u001b[22m\n\n    TestingLibraryElementError: Unable to find an accessible element with the role \"button\" and name `/delete/i`\n\n    Here are the accessible roles:\n\n      heading:\n\n      Name \"Developer Tickets\":\n      \u001b[36m<h1\u001b[39m\n        \u001b[33mclass\u001b[39m=\u001b[32m\"mb-4 d-flex align-items-center gap-2\"\u001b[39m\n      \u001b[36m/>\u001b[39m\n\n      --------------------------------------------------\n      table:\n\n      Name \"\":\n      \u001b[36m<table\u001b[39m\n        \u001b[33mclass\u001b[39m=\u001b[32m\"table table-hover align-middle\"\u001b[39m\n      \u001b[36m/>\u001b[39m\n\n      --------------------------------------------------\n      rowgroup:\n\n      Name \"\":\n      \u001b[36m<thead\u001b[39m\n        \u001b[33mclass\u001b[39m=\u001b[32m\"table-light\"\u001b[39m\n      \u001b[36m/>\u001b[39m\n\n      Name \"\":\n      \u001b[36m<tbody />\u001b[39m\n\n      --------------------------------------------------\n      row:\n\n      Name \"# Title Type Status Submitted\":\n      \u001b[36m<tr />\u001b[39m\n\n      Name \"1 Login bug bug open 4/1/2026, 6:00:00 AM\":\n      \u001b[36m<tr />\u001b[39m\n\n      Name \"2 Add dark mode suggestion open 4/2/2026, 6:00:00 AM\":\n      \u001b[36m<tr />\u001b[39m\n\n      --------------------------------------------------\n      columnheader:\n\n      Name \"#\":\n      \u001b[36m<th />\u001b[39m\n\n      Name \"Title\":\n      \u001b[36m<th />\u001b[39m\n\n      Name \"Type\":\n      \u001b[36m<th />\u001b[39m\n\n      Name \"Status\":\n      \u001b[36m<th />\u001b[39m\n\n      Name \"Submitted\":\n      \u001b[36m<th />\u001b[39m\n\n      Name \"\":\n      \u001b[36m<th />\u001b[39m\n\n      --------------------------------------------------\n      cell:\n\n      Name \"1\":\n      \u001b[36m<td />\u001b[39m\n\n      Name \"Login bug\":\n      \u001b[36m<td />\u001b[39m\n\n      Name \"bug\":\n      \u001b[36m<td\u001b[39m\n        \u001b[33mclass\u001b[39m=\u001b[32m\"text-capitalize\"\u001b[39m\n      \u001b[36m/>\u001b[39m\n\n      Name \"open\":\n      \u001b[36m<td />\u001b[39m\n\n      Name \"4/1/2026, 6:00:00 AM\":\n      \u001b[36m<td />\u001b[39m\n\n      Name \"\":\n      \u001b[36m<td />\u001b[39m\n\n      Name \"2\":\n      \u001b[36m<td />\u001b[39m\n\n      Name \"Add dark mode\":\n      \u001b[36m<td />\u001b[39m\n\n      Name \"suggestion\":\n      \u001b[36m<td\u001b[39m\n        \u001b[33mclass\u001b[39m=\u001b[32m\"text-capitalize\"\u001b[39m\n      \u001b[36m/>\u001b[39m\n\n      Name \"open\":\n      \u001b[36m<td />\u001b[39m\n\n      Name \"4/2/2026, 6:00:00 AM\":\n      \u001b[36m<td />\u001b[39m\n\n      Name \"\":\n      \u001b[36m<td />\u001b[39m\n\n      --------------------------------------------------\n      button:\n\n      Name \"Login bug\":\n      \u001b[36m<button\u001b[39m\n        \u001b[33mclass\u001b[39m=\u001b[32m\"btn btn-link p-0 text-start\"\u001b[39m\n        \u001b[33mtype\u001b[39m=\u001b[32m\"button\"\u001b[39m\n      \u001b[36m/>\u001b[39m\n\n      Name \"\":\n      \u001b[36m<button\u001b[39m\n        \u001b[33mclass\u001b[39m=\u001b[32m\"btn btn-sm btn-outline-danger\"\u001b[39m\n      \u001b[36m/>\u001b[39m\n\n      Name \"Add dark mode\":\n      \u001b[36m<button\u001b[39m\n        \u001b[33mclass\u001b[39m=\u001b[32m\"btn btn-link p-0 text-start\"\u001b[39m\n        \u001b[33mtype\u001b[39m=\u001b[32m\"button\"\u001b[39m\n      \u001b[36m/>\u001b[39m\n\n      Name \"\":\n      \u001b[36m<button\u001b[39m\n        \u001b[33mclass\u001b[39m=\u001b[32m\"btn btn-sm btn-outline-danger\"\u001b[39m\n      \u001b[36m/>\u001b[39m\n\n      --------------------------------------------------\n\n    Ignored nodes: comments, script, style\n    \u001b[36m<body\u001b[39m\n      \u001b[33mclass\u001b[39m=\u001b[32m\"\"\u001b[39m\n    \u001b[36m>\u001b[39m\n      \u001b[36m<div>\u001b[39m\n        \u001b[36m<div\u001b[39m\n          \u001b[33mclass\u001b[39m=\u001b[32m\"container py-4\"\u001b[39m\n        \u001b[36m>\u001b[39m\n          \u001b[36m<h1\u001b[39m\n            \u001b[33mclass\u001b[39m=\u001b[32m\"mb-4 d-flex align-items-center gap-2\"\u001b[39m\n          \u001b[36m>\u001b[39m\n            \u001b[36m<i\u001b[39m\n              \u001b[33mclass\u001b[39m=\u001b[32m\"bi bi-list-task\"\u001b[39m\n            \u001b[36m/>\u001b[39m\n            \u001b[0m Developer Tickets\u001b[0m\n          \u001b[36m</h1>\u001b[39m\n          \u001b[36m<div\u001b[39m\n            \u001b[33mclass\u001b[39m=\u001b[32m\"table-responsive\"\u001b[39m\n          \u001b[36m>\u001b[39m\n            \u001b[36m<table\u001b[39m\n              \u001b[33mclass\u001b[39m=\u001b[32m\"table table-hover align-middle\"\u001b[39m\n            \u001b[36m>\u001b[39m\n              \u001b[36m<thead\u001b[39m\n                \u001b[33mclass\u001b[39m=\u001b[32m\"table-light\"\u001b[39m\n              \u001b[36m>\u001b[39m\n                \u001b[36m<tr>\u001b[39m\n                  \u001b[36m<th>\u001b[39m\n                    \u001b[0m#\u001b[0m\n                  \u001b[36m</th>\u001b[39m\n                  \u001b[36m<th>\u001b[39m\n                    \u001b[0mTitle\u001b[0m\n                  \u001b[36m</th>\u001b[39m\n                  \u001b[36m<th>\u001b[39m\n                    \u001b[0mType\u001b[0m\n                  \u001b[36m</th>\u001b[39m\n                  \u001b[36m<th>\u001b[39m\n                    \u001b[0mStatus\u001b[0m\n                  \u001b[36m</th>\u001b[39m\n                  \u001b[36m<th>\u001b[39m\n                    \u001b[0mSubmitted\u001b[0m\n                  \u001b[36m</th>\u001b[39m\n                  \u001b[36m<th />\u001b[39m\n                \u001b[36m</tr>\u001b[39m\n              \u001b[36m</thead>\u001b[39m\n              \u001b[36m<tbody>\u001b[39m\n                \u001b[36m<tr>\u001b[39m\n                  \u001b[36m<td>\u001b[39m\n                    \u001b[0m1\u001b[0m\n                  \u001b[36m</td>\u001b[39m\n                  \u001b[36m<td>\u001b[39m\n                    \u001b[36m<button\u001b[39m\n                      \u001b[33mclass\u001b[39m=\u001b[32m\"btn btn-link p-0 text-start\"\u001b[39m\n                      \u001b[33mtype\u001b[39m=\u001b[32m\"button\"\u001b[39m\n                    \u001b[36m>\u001b[39m\n                      \u001b[0mLogin bug\u001b[0m\n                    \u001b[36m</button>\u001b[39m\n                  \u001b[36m</td>\u001b[39m\n                  \u001b[36m<td\u001b[39m\n                    \u001b[33mclass\u001b[39m=\u001b[32m\"text-capitalize\"\u001b[39m\n                  \u001b[36m>\u001b[39m\n                    \u001b[0mbug\u001b[0m\n                  \u001b[36m</td>\u001b[39m\n                  \u001b[36m<td>\u001b[39m\n                    \u001b[0mopen\u001b[0m\n                  \u001b[36m</td>\u001b[39m\n                  \u001b[36m<td>\u001b[39m\n                    \u001b[0m4/1/2026, 6:00:00 AM\u001b[0m\n                  \u001b[36m</td>\u001b[39m\n                  \u001b[36m<td>\u001b[39m\n                    \u001b[36m<button\u001b[39m\n                      \u001b[33mclass\u001b[39m=\u001b[32m\"btn btn-sm btn-outline-danger\"\u001b[39m\n                    \u001b[36m>\u001b[39m\n                      \u001b[36m<i\u001b[39m\n                        \u001b[33mclass\u001b[39m=\u001b[32m\"bi bi-trash\"\u001b[39m\n                      \u001b[36m/>\u001b[39m\n                    \u001b[36m</button>\u001b[39m\n                  \u001b[36m</td>\u001b[39m\n                \u001b[36m</tr>\u001b[39m\n                \u001b[36m<tr>\u001b[39m\n                  \u001b[36m<td>\u001b[39m\n                    \u001b[0m2\u001b[0m\n                  \u001b[36m</td>\u001b[39m\n                  \u001b[36m<td>\u001b[39m\n                    \u001b[36m<button\u001b[39m\n                      \u001b[33mclass\u001b[39m=\u001b[32m\"btn btn-link p-0 text-start\"\u001b[39m\n                      \u001b[33mtype\u001b[39m=\u001b[32m\"button\"\u001b[39m\n                    \u001b[36m>\u001b[39m\n                      \u001b[0mAdd dark mode\u001b[0m\n                    \u001b[36m</button>\u001b[39m\n                  \u001b[36m</td>\u001b[39m\n                  \u001b[36m<td\u001b[39m\n                    \u001b[33mclass\u001b[39m=\u001b[32m\"text-capitalize\"\u001b[39m\n                  \u001b[36m>\u001b[39m\n                    \u001b[0msuggestion\u001b[0m\n                  \u001b[36m</td>\u001b[39m\n                  \u001b[36m<td>\u001b[39m\n                    \u001b[0mopen\u001b[0m\n                  \u001b[36m</td>\u001b[39m\n                  \u001b[36m<td>\u001b[39m\n                    \u001b[0m4/2/2026, 6:00:00 AM\u001b[0m\n                  \u001b[36m</td>\u001b[39m\n                  \u001b[36m<td>\u001b[39m\n                    \u001b[36m<button\u001b[39m\n                      \u001b[33mclass\u001b[39m=\u001b[32m\"btn btn-sm btn-outline-danger\"\u001b[39m\n                    \u001b[36m>\u001b[39m\n                      \u001b[36m<i\u001b[39m\n                        \u001b[33mclass\u001b[39m=\u001b[32m\"bi bi-trash\"\u001b[39m\n                      \u001b[36m/>\u001b[39m\n                    \u001b[36m</button>\u001b[39m\n                  \u001b[36m</td>\u001b[39m\n                \u001b[36m</tr>\u001b[39m\n              \u001b[36m</tbody>\u001b[39m\n            \u001b[36m</table>\u001b[39m\n          \u001b[36m</div>\u001b[39m\n        \u001b[36m</div>\u001b[39m\n      \u001b[36m</div>\u001b[39m\n    \u001b[36m</body>\u001b[39m\n\u001b[2m\u001b[22m\n\u001b[2m    \u001b[0m \u001b[90m 103 |\u001b[39m     \u001b[36mawait\u001b[39m waitFor(() \u001b[33m=>\u001b[39m expect(screen\u001b[33m.\u001b[39mgetByText(\u001b[32m'Login bug'\u001b[39m))\u001b[33m.\u001b[39mtoBeInTheDocument())\u001b[33m;\u001b[39m\u001b[22m\n\u001b[2m     \u001b[90m 104 |\u001b[39m\u001b[22m\n\u001b[2m    \u001b[31m\u001b[1m>\u001b[22m\u001b[2m\u001b[39m\u001b[90m 105 |\u001b[39m     \u001b[36mconst\u001b[39m deleteButtons \u001b[33m=\u001b[39m screen\u001b[33m.\u001b[39mgetAllByRole(\u001b[32m'button'\u001b[39m\u001b[33m,\u001b[39m { name\u001b[33m:\u001b[39m \u001b[35m/delete/i\u001b[39m })\u001b[33m;\u001b[39m\u001b[22m\n\u001b[2m     \u001b[90m     |\u001b[39m                                  \u001b[31m\u001b[1m^\u001b[22m\u001b[2m\u001b[39m\u001b[22m\n\u001b[2m     \u001b[90m 106 |\u001b[39m     fireEvent\u001b[33m.\u001b[39mclick(deleteButtons[\u001b[35m0\u001b[39m])\u001b[33m;\u001b[39m\u001b[22m\n\u001b[2m     \u001b[90m 107 |\u001b[39m\u001b[22m\n\u001b[2m     \u001b[90m 108 |\u001b[39m     \u001b[36mawait\u001b[39m waitFor(() \u001b[33m=>\u001b[39m {\u001b[0m\u001b[22m\n\u001b[2m\u001b[22m\n\u001b[2m      \u001b[2mat Object.getElementError (\u001b[22m\u001b[2mnode_modules/@testing-library/dom/dist/config.js\u001b[2m:37:19)\u001b[22m\u001b[2m\u001b[22m\n\u001b[2m      \u001b[2mat \u001b[22m\u001b[2mnode_modules/@testing-library/dom/dist/query-helpers.js\u001b[2m:76:38\u001b[22m\u001b[2m\u001b[22m\n\u001b[2m      \u001b[2mat \u001b[22m\u001b[2mnode_modules/@testing-library/dom/dist/query-helpers.js\u001b[2m:109:15\u001b[22m\u001b[2m\u001b[22m\n\u001b[2m      \u001b[2mat Object.<anonymous> (\u001b[22m\u001b[2m\u001b[0m\u001b[36m__tests__/tickets-page-coverage.test.tsx\u001b[39m\u001b[0m\u001b[2m:105:34)\u001b[22m\u001b[2m\u001b[22m\n\n\u001b[1m\u001b[31m  \u001b[1m● \u001b[22m\u001b[1mtickets page coverage › shows toast message on success\u001b[39m\u001b[22m\n\n    TestingLibraryElementError: Unable to find an accessible element with the role \"button\" and name `/delete/i`\n\n    Here are the accessible roles:\n\n      heading:\n\n      Name \"Developer Tickets\":\n      \u001b[36m<h1\u001b[39m\n        \u001b[33mclass\u001b[39m=\u001b[32m\"mb-4 d-flex align-items-center gap-2\"\u001b[39m\n      \u001b[36m/>\u001b[39m\n\n      --------------------------------------------------\n      table:\n\n      Name \"\":\n      \u001b[36m<table\u001b[39m\n        \u001b[33mclass\u001b[39m=\u001b[32m\"table table-hover align-middle\"\u001b[39m\n      \u001b[36m/>\u001b[39m\n\n      --------------------------------------------------\n      rowgroup:\n\n      Name \"\":\n      \u001b[36m<thead\u001b[39m\n        \u001b[33mclass\u001b[39m=\u001b[32m\"table-light\"\u001b[39m\n      \u001b[36m/>\u001b[39m\n\n      Name \"\":\n      \u001b[36m<tbody />\u001b[39m\n\n      --------------------------------------------------\n      row:\n\n      Name \"# Title Type Status Submitted\":\n      \u001b[36m<tr />\u001b[39m\n\n      Name \"1 Login bug bug open 4/1/2026, 6:00:00 AM\":\n      \u001b[36m<tr />\u001b[39m\n\n      Name \"2 Add dark mode suggestion open 4/2/2026, 6:00:00 AM\":\n      \u001b[36m<tr />\u001b[39m\n\n      --------------------------------------------------\n      columnheader:\n\n      Name \"#\":\n      \u001b[36m<th />\u001b[39m\n\n      Name \"Title\":\n      \u001b[36m<th />\u001b[39m\n\n      Name \"Type\":\n      \u001b[36m<th />\u001b[39m\n\n      Name \"Status\":\n      \u001b[36m<th />\u001b[39m\n\n      Name \"Submitted\":\n      \u001b[36m<th />\u001b[39m\n\n      Name \"\":\n      \u001b[36m<th />\u001b[39m\n\n      --------------------------------------------------\n      cell:\n\n      Name \"1\":\n      \u001b[36m<td />\u001b[39m\n\n      Name \"Login bug\":\n      \u001b[36m<td />\u001b[39m\n\n      Name \"bug\":\n      \u001b[36m<td\u001b[39m\n        \u001b[33mclass\u001b[39m=\u001b[32m\"text-capitalize\"\u001b[39m\n      \u001b[36m/>\u001b[39m\n\n      Name \"open\":\n      \u001b[36m<td />\u001b[39m\n\n      Name \"4/1/2026, 6:00:00 AM\":\n      \u001b[36m<td />\u001b[39m\n\n      Name \"\":\n      \u001b[36m<td />\u001b[39m\n\n      Name \"2\":\n      \u001b[36m<td />\u001b[39m\n\n      Name \"Add dark mode\":\n      \u001b[36m<td />\u001b[39m\n\n      Name \"suggestion\":\n      \u001b[36m<td\u001b[39m\n        \u001b[33mclass\u001b[39m=\u001b[32m\"text-capitalize\"\u001b[39m\n      \u001b[36m/>\u001b[39m\n\n      Name \"open\":\n      \u001b[36m<td />\u001b[39m\n\n      Name \"4/2/2026, 6:00:00 AM\":\n      \u001b[36m<td />\u001b[39m\n\n      Name \"\":\n      \u001b[36m<td />\u001b[39m\n\n      --------------------------------------------------\n      button:\n\n      Name \"Login bug\":\n      \u001b[36m<button\u001b[39m\n        \u001b[33mclass\u001b[39m=\u001b[32m\"btn btn-link p-0 text-start\"\u001b[39m\n        \u001b[33mtype\u001b[39m=\u001b[32m\"button\"\u001b[39m\n      \u001b[36m/>\u001b[39m\n\n      Name \"\":\n      \u001b[36m<button\u001b[39m\n        \u001b[33mclass\u001b[39m=\u001b[32m\"btn btn-sm btn-outline-danger\"\u001b[39m\n      \u001b[36m/>\u001b[39m\n\n      Name \"Add dark mode\":\n      \u001b[36m<button\u001b[39m\n        \u001b[33mclass\u001b[39m=\u001b[32m\"btn btn-link p-0 text-start\"\u001b[39m\n        \u001b[33mtype\u001b[39m=\u001b[32m\"button\"\u001b[39m\n      \u001b[36m/>\u001b[39m\n\n      Name \"\":\n      \u001b[36m<button\u001b[39m\n        \u001b[33mclass\u001b[39m=\u001b[32m\"btn btn-sm btn-outline-danger\"\u001b[39m\n      \u001b[36m/>\u001b[39m\n\n      --------------------------------------------------\n\n    Ignored nodes: comments, script, style\n    \u001b[36m<body\u001b[39m\n      \u001b[33mclass\u001b[39m=\u001b[32m\"\"\u001b[39m\n    \u001b[36m>\u001b[39m\n      \u001b[36m<div>\u001b[39m\n        \u001b[36m<div\u001b[39m\n          \u001b[33mclass\u001b[39m=\u001b[32m\"container py-4\"\u001b[39m\n        \u001b[36m>\u001b[39m\n          \u001b[36m<h1\u001b[39m\n            \u001b[33mclass\u001b[39m=\u001b[32m\"mb-4 d-flex align-items-center gap-2\"\u001b[39m\n          \u001b[36m>\u001b[39m\n            \u001b[36m<i\u001b[39m\n              \u001b[33mclass\u001b[39m=\u001b[32m\"bi bi-list-task\"\u001b[39m\n            \u001b[36m/>\u001b[39m\n            \u001b[0m Developer Tickets\u001b[0m\n          \u001b[36m</h1>\u001b[39m\n          \u001b[36m<div\u001b[39m\n            \u001b[33mclass\u001b[39m=\u001b[32m\"table-responsive\"\u001b[39m\n          \u001b[36m>\u001b[39m\n            \u001b[36m<table\u001b[39m\n              \u001b[33mclass\u001b[39m=\u001b[32m\"table table-hover align-middle\"\u001b[39m\n            \u001b[36m>\u001b[39m\n              \u001b[36m<thead\u001b[39m\n                \u001b[33mclass\u001b[39m=\u001b[32m\"table-light\"\u001b[39m\n              \u001b[36m>\u001b[39m\n                \u001b[36m<tr>\u001b[39m\n                  \u001b[36m<th>\u001b[39m\n                    \u001b[0m#\u001b[0m\n                  \u001b[36m</th>\u001b[39m\n                  \u001b[36m<th>\u001b[39m\n                    \u001b[0mTitle\u001b[0m\n                  \u001b[36m</th>\u001b[39m\n                  \u001b[36m<th>\u001b[39m\n                    \u001b[0mType\u001b[0m\n                  \u001b[36m</th>\u001b[39m\n                  \u001b[36m<th>\u001b[39m\n                    \u001b[0mStatus\u001b[0m\n                  \u001b[36m</th>\u001b[39m\n                  \u001b[36m<th>\u001b[39m\n                    \u001b[0mSubmitted\u001b[0m\n                  \u001b[36m</th>\u001b[39m\n                  \u001b[36m<th />\u001b[39m\n                \u001b[36m</tr>\u001b[39m\n              \u001b[36m</thead>\u001b[39m\n              \u001b[36m<tbody>\u001b[39m\n                \u001b[36m<tr>\u001b[39m\n                  \u001b[36m<td>\u001b[39m\n                    \u001b[0m1\u001b[0m\n                  \u001b[36m</td>\u001b[39m\n                  \u001b[36m<td>\u001b[39m\n                    \u001b[36m<button\u001b[39m\n                      \u001b[33mclass\u001b[39m=\u001b[32m\"btn btn-link p-0 text-start\"\u001b[39m\n                      \u001b[33mtype\u001b[39m=\u001b[32m\"button\"\u001b[39m\n                    \u001b[36m>\u001b[39m\n                      \u001b[0mLogin bug\u001b[0m\n                    \u001b[36m</button>\u001b[39m\n                  \u001b[36m</td>\u001b[39m\n                  \u001b[36m<td\u001b[39m\n                    \u001b[33mclass\u001b[39m=\u001b[32m\"text-capitalize\"\u001b[39m\n                  \u001b[36m>\u001b[39m\n                    \u001b[0mbug\u001b[0m\n                  \u001b[36m</td>\u001b[39m\n                  \u001b[36m<td>\u001b[39m\n                    \u001b[0mopen\u001b[0m\n                  \u001b[36m</td>\u001b[39m\n                  \u001b[36m<td>\u001b[39m\n                    \u001b[0m4/1/2026, 6:00:00 AM\u001b[0m\n                  \u001b[36m</td>\u001b[39m\n                  \u001b[36m<td>\u001b[39m\n                    \u001b[36m<button\u001b[39m\n                      \u001b[33mclass\u001b[39m=\u001b[32m\"btn btn-sm btn-outline-danger\"\u001b[39m\n                    \u001b[36m>\u001b[39m\n                      \u001b[36m<i\u001b[39m\n                        \u001b[33mclass\u001b[39m=\u001b[32m\"bi bi-trash\"\u001b[39m\n                      \u001b[36m/>\u001b[39m\n                    \u001b[36m</button>\u001b[39m\n                  \u001b[36m</td>\u001b[39m\n                \u001b[36m</tr>\u001b[39m\n                \u001b[36m<tr>\u001b[39m\n                  \u001b[36m<td>\u001b[39m\n                    \u001b[0m2\u001b[0m\n                  \u001b[36m</td>\u001b[39m\n                  \u001b[36m<td>\u001b[39m\n                    \u001b[36m<button\u001b[39m\n                      \u001b[33mclass\u001b[39m=\u001b[32m\"btn btn-link p-0 text-start\"\u001b[39m\n                      \u001b[33mtype\u001b[39m=\u001b[32m\"button\"\u001b[39m\n                    \u001b[36m>\u001b[39m\n                      \u001b[0mAdd dark mode\u001b[0m\n                    \u001b[36m</button>\u001b[39m\n                  \u001b[36m</td>\u001b[39m\n                  \u001b[36m<td\u001b[39m\n                    \u001b[33mclass\u001b[39m=\u001b[32m\"text-capitalize\"\u001b[39m\n                  \u001b[36m>\u001b[39m\n                    \u001b[0msuggestion\u001b[0m\n                  \u001b[36m</td>\u001b[39m\n                  \u001b[36m<td>\u001b[39m\n                    \u001b[0mopen\u001b[0m\n                  \u001b[36m</td>\u001b[39m\n                  \u001b[36m<td>\u001b[39m\n                    \u001b[0m4/2/2026, 6:00:00 AM\u001b[0m\n                  \u001b[36m</td>\u001b[39m\n                  \u001b[36m<td>\u001b[39m\n                    \u001b[36m<button\u001b[39m\n                      \u001b[33mclass\u001b[39m=\u001b[32m\"btn btn-sm btn-outline-danger\"\u001b[39m\n                    \u001b[36m>\u001b[39m\n                      \u001b[36m<i\u001b[39m\n                        \u001b[33mclass\u001b[39m=\u001b[32m\"bi bi-trash\"\u001b[39m\n                      \u001b[36m/>\u001b[39m\n                    \u001b[36m</button>\u001b[39m\n                  \u001b[36m</td>\u001b[39m\n                \u001b[36m</tr>\u001b[39m\n              \u001b[36m</tbody>\u001b[39m\n            \u001b[36m</table>\u001b[39m\n          \u001b[36m</div>\u001b[39m\n        \u001b[36m</div>\u001b[39m\n      \u001b[36m</div>\u001b[39m\n    \u001b[36m</body>\u001b[39m\n\u001b[2m\u001b[22m\n\u001b[2m    \u001b[0m \u001b[90m 118 |\u001b[39m     \u001b[36mawait\u001b[39m waitFor(() \u001b[33m=>\u001b[39m expect(screen\u001b[33m.\u001b[39mgetByText(\u001b[32m'Login bug'\u001b[39m))\u001b[33m.\u001b[39mtoBeInTheDocument())\u001b[33m;\u001b[39m\u001b[22m\n\u001b[2m     \u001b[90m 119 |\u001b[39m\u001b[22m\n\u001b[2m    \u001b[31m\u001b[1m>\u001b[22m\u001b[2m\u001b[39m\u001b[90m 120 |\u001b[39m     \u001b[36mconst\u001b[39m deleteButtons \u001b[33m=\u001b[39m screen\u001b[33m.\u001b[39mgetAllByRole(\u001b[32m'button'\u001b[39m\u001b[33m,\u001b[39m { name\u001b[33m:\u001b[39m \u001b[35m/delete/i\u001b[39m })\u001b[33m;\u001b[39m\u001b[22m\n\u001b[2m     \u001b[90m     |\u001b[39m                                  \u001b[31m\u001b[1m^\u001b[22m\u001b[2m\u001b[39m\u001b[22m\n\u001b[2m     \u001b[90m 121 |\u001b[39m     fireEvent\u001b[33m.\u001b[39mclick(deleteButtons[\u001b[35m0\u001b[39m])\u001b[33m;\u001b[39m\u001b[22m\n\u001b[2m     \u001b[90m 122 |\u001b[39m\u001b[22m\n\u001b[2m     \u001b[90m 123 |\u001b[39m     \u001b[36mawait\u001b[39m waitFor(() \u001b[33m=>\u001b[39m {\u001b[0m\u001b[22m\n\u001b[2m\u001b[22m\n\u001b[2m      \u001b[2mat Object.getElementError (\u001b[22m\u001b[2mnode_modules/@testing-library/dom/dist/config.js\u001b[2m:37:19)\u001b[22m\u001b[2m\u001b[22m\n\u001b[2m      \u001b[2mat \u001b[22m\u001b[2mnode_modules/@testing-library/dom/dist/query-helpers.js\u001b[2m:76:38\u001b[22m\u001b[2m\u001b[22m\n\u001b[2m      \u001b[2mat \u001b[22m\u001b[2mnode_modules/@testing-library/dom/dist/query-helpers.js\u001b[2m:109:15\u001b[22m\u001b[2m\u001b[22m\n\u001b[2m      \u001b[2mat Object.<anonymous> (\u001b[22m\u001b[2m\u001b[0m\u001b[36m__tests__/tickets-page-coverage.test.tsx\u001b[39m\u001b[0m\u001b[2m:120:34)\u001b[22m\u001b[2m\u001b[22m\n\n\u001b[1m\u001b[31m  \u001b[1m● \u001b[22m\u001b[1mtickets page coverage › closes modal when clicking close button\u001b[39m\u001b[22m\n\n    Unable to find an element with the text: ticket-1. This could be because the text is broken up by multiple elements. In this case, you can provide a function for your text matcher to make your matcher more flexible.\n\n    Ignored nodes: comments, script, style\n    \u001b[36m<body\u001b[39m\n      \u001b[33mclass\u001b[39m=\u001b[32m\"modal-open\"\u001b[39m\n    \u001b[36m>\u001b[39m\n      \u001b[36m<div>\u001b[39m\n        \u001b[36m<div\u001b[39m\n          \u001b[33mclass\u001b[39m=\u001b[32m\"container py-4\"\u001b[39m\n        \u001b[36m>\u001b[39m\n          \u001b[36m<h1\u001b[39m\n            \u001b[33mclass\u001b[39m=\u001b[32m\"mb-4 d-flex align-items-center gap-2\"\u001b[39m\n          \u001b[36m>\u001b[39m\n            \u001b[36m<i\u001b[39m\n              \u001b[33mclass\u001b[39m=\u001b[32m\"bi bi-list-task\"\u001b[39m\n            \u001b[36m/>\u001b[39m\n            \u001b[0m Developer Tickets\u001b[0m\n          \u001b[36m</h1>\u001b[39m\n          \u001b[36m<div\u001b[39m\n            \u001b[33mclass\u001b[39m=\u001b[32m\"table-responsive\"\u001b[39m\n          \u001b[36m>\u001b[39m\n            \u001b[36m<table\u001b[39m\n              \u001b[33mclass\u001b[39m=\u001b[32m\"table table-hover align-middle\"\u001b[39m\n            \u001b[36m>\u001b[39m\n              \u001b[36m<thead\u001b[39m\n                \u001b[33mclass\u001b[39m=\u001b[32m\"table-light\"\u001b[39m\n              \u001b[36m>\u001b[39m\n                \u001b[36m<tr>\u001b[39m\n                  \u001b[36m<th>\u001b[39m\n                    \u001b[0m#\u001b[0m\n                  \u001b[36m</th>\u001b[39m\n                  \u001b[36m<th>\u001b[39m\n                    \u001b[0mTitle\u001b[0m\n                  \u001b[36m</th>\u001b[39m\n                  \u001b[36m<th>\u001b[39m\n                    \u001b[0mType\u001b[0m\n                  \u001b[36m</th>\u001b[39m\n                  \u001b[36m<th>\u001b[39m\n                    \u001b[0mStatus\u001b[0m\n                  \u001b[36m</th>\u001b[39m\n                  \u001b[36m<th>\u001b[39m\n                    \u001b[0mSubmitted\u001b[0m\n                  \u001b[36m</th>\u001b[39m\n                  \u001b[36m<th />\u001b[39m\n                \u001b[36m</tr>\u001b[39m\n              \u001b[36m</thead>\u001b[39m\n              \u001b[36m<tbody>\u001b[39m\n                \u001b[36m<tr>\u001b[39m\n                  \u001b[36m<td>\u001b[39m\n                    \u001b[0m1\u001b[0m\n                  \u001b[36m</td>\u001b[39m\n                  \u001b[36m<td>\u001b[39m\n                    \u001b[36m<button\u001b[39m\n                      \u001b[33mclass\u001b[39m=\u001b[32m\"btn btn-link p-0 text-start\"\u001b[39m\n                      \u001b[33mtype\u001b[39m=\u001b[32m\"button\"\u001b[39m\n                    \u001b[36m>\u001b[39m\n                      \u001b[0mLogin bug\u001b[0m\n                    \u001b[36m</button>\u001b[39m\n                  \u001b[36m</td>\u001b[39m\n                  \u001b[36m<td\u001b[39m\n                    \u001b[33mclass\u001b[39m=\u001b[32m\"text-capitalize\"\u001b[39m\n                  \u001b[36m>\u001b[39m\n                    \u001b[0mbug\u001b[0m\n                  \u001b[36m</td>\u001b[39m\n                  \u001b[36m<td>\u001b[39m\n                    \u001b[0mopen\u001b[0m\n                  \u001b[36m</td>\u001b[39m\n                  \u001b[36m<td>\u001b[39m\n                    \u001b[0m4/1/2026, 6:00:00 AM\u001b[0m\n                  \u001b[36m</td>\u001b[39m\n                  \u001b[36m<td>\u001b[39m\n                    \u001b[36m<button\u001b[39m\n                      \u001b[33mclass\u001b[39m=\u001b[32m\"btn btn-sm btn-outline-danger\"\u001b[39m\n                    \u001b[36m>\u001b[39m\n                      \u001b[36m<i\u001b[39m\n                        \u001b[33mclass\u001b[39m=\u001b[32m\"bi bi-trash\"\u001b[39m\n                      \u001b[36m/>\u001b[39m\n                    \u001b[36m</button>\u001b[39m\n                  \u001b[36m</td>\u001b[39m\n                \u001b[36m</tr>\u001b[39m\n                \u001b[36m<tr>\u001b[39m\n                  \u001b[36m<td>\u001b[39m\n                    \u001b[0m2\u001b[0m\n                  \u001b[36m</td>\u001b[39m\n                  \u001b[36m<td>\u001b[39m\n                    \u001b[36m<button\u001b[39m\n                      \u001b[33mclass\u001b[39m=\u001b[32m\"btn btn-link p-0 text-start\"\u001b[39m\n                      \u001b[33mtype\u001b[39m=\u001b[32m\"button\"\u001b[39m\n                    \u001b[36m>\u001b[39m\n                      \u001b[0mAdd dark mode\u001b[0m\n                    \u001b[36m</button>\u001b[39m\n                  \u001b[36m</td>\u001b[39m\n                  \u001b[36m<td\u001b[39m\n                    \u001b[33mclass\u001b[39m=\u001b[32m\"text-capitalize\"\u001b[39m\n                  \u001b[36m>\u001b[39m\n                    \u001b[0msuggestion\u001b[0m\n                  \u001b[36m</td>\u001b[39m\n                  \u001b[36m<td>\u001b[39m\n                    \u001b[0mopen\u001b[0m\n                  \u001b[36m</td>\u001b[39m\n                  \u001b[36m<td>\u001b[39m\n                    \u001b[0m4/2/2026, 6:00:00 AM\u001b[0m\n                  \u001b[36m</td>\u001b[39m\n                  \u001b[36m<td>\u001b[39m\n                    \u001b[36m<button\u001b[39m\n                      \u001b[33mclass\u001b[39m=\u001b[32m\"btn btn-sm btn-outline-danger\"\u001b[39m\n                    \u001b[36m>\u001b[39m\n                      \u001b[36m<i\u001b[39m\n                        \u001b[33mclass\u001b[39m=\u001b[32m\"bi bi-trash\"\u001b[39m\n                      \u001b[36m/>\u001b[39m\n                    \u001b[36m</button>\u001b[39m\n                  \u001b[36m</td>\u001b[39m\n                \u001b[36m</tr>\u001b[39m\n              \u001b[36m</tbody>\u001b[39m\n            \u001b[36m</table>\u001b[39m\n          \u001b[36m</div>\u001b[39m\n          \u001b[36m<button\u001b[39m\n            \u001b[33maria-label\u001b[39m=\u001b[32m\"Close ticket details\"\u001b[39m\n            \u001b[33mclass\u001b[39m=\u001b[32m\"modal-backdrop fade show border-0\"\u001b[39m\n            \u001b[33mtype\u001b[39m=\u001b[32m\"button\"\u001b[39m\n          \u001b[36m/>\u001b[39m\n          \u001b[36m<div\u001b[39m\n            \u001b[33maria-modal\u001b[39m=\u001b[32m\"true\"\u001b[39m\n            \u001b[33mclass\u001b[39m=\u001b[32m\"modal fade show d-block\"\u001b[39m\n            \u001b[33mrole\u001b[39m=\u001b[32m\"dialog\"\u001b[39m\n          \u001b[36m>\u001b[39m\n            \u001b[36m<div\u001b[39m\n              \u001b[33mclass\u001b[39m=\u001b[32m\"modal-dialog modal-lg\"\u001b[39m\n            \u001b[36m>\u001b[39m\n              \u001b[36m<div\u001b[39m\n                \u001b[33mclass\u001b[39m=\u001b[32m\"modal-content rounded-3 shadow\"\u001b[39m\n              \u001b[36m>\u001b[39m\n                \u001b[36m<div\u001b[39m\n                  \u001b[33mclass\u001b[39m=\u001b[32m\"modal-header\"\u001b[39m\n                \u001b[36m>\u001b[39m\n                  \u001b[36m<h5\u001b[39m\n                    \u001b[33mclass\u001b[39m=\u001b[32m\"modal-title\"\u001b[39m\n                  \u001b[36m>\u001b[39m\n                    \u001b[0mLogin bug\u001b[0m\n                  \u001b[36m</h5>\u001b[39m\n                  \u001b[36m<button\u001b[39m\n                    \u001b[33maria-label\u001b[39m=\u001b[32m\"Close\"\u001b[39m\n                    \u001b[33mclass\u001b[39m=\u001b[32m\"btn-close\"\u001b[39m\n                    \u001b[33mtype\u001b[39m=\u001b[32m\"button\"\u001b[39m\n                  \u001b[36m/>\u001b[39m\n                \u001b[36m</div>\u001b[39m\n                \u001b[36m<div\u001b[39m\n                  \u001b[33mclass\u001b[39m=\u001b[32m\"modal-body\"\u001b[39m\n                \u001b[36m>\u001b[39m\n                  \u001b[36m<p\u001b[39m\n                    \u001b[33mclass\u001b[39m=\u001b[32m\"mb-2\"\u001b[39m\n                  \u001b[36m>\u001b[39m\n                    \u001b[36m<span\u001b[39m\n                      \u001b[33mclass\u001b[39m=\u001b[32m\"badge bg-secondary text-capitalize me-2\"\u001b[39m\n                    \u001b[36m>\u001b[39m\n                      \u001b[0mbug\u001b[0m\n                    \u001b[36m</span>\u001b[39m\n                    \u001b[36m<span\u001b[39m\n                      \u001b[33mclass\u001b[39m=\u001b[32m\"badge bg-info me-2\"\u001b[39m\n                    \u001b[36m>\u001b[39m\n                      \u001b[0mopen\u001b[0m\n                    \u001b[36m</span>\u001b[39m\n                    \u001b[36m<small\u001b[39m\n                      \u001b[33mclass\u001b[39m=\u001b[32m\"text-muted\"\u001b[39m\n                    \u001b[36m>\u001b[39m\n                      \u001b[0msubmitted \u001b[0m\n                      \u001b[0m4/1/2026, 6:00:00 AM\u001b[0m\n                    \u001b[36m</small>\u001b[39m\n                  \u001b[36m</p>\u001b[39m\n                  \u001b[36m<pre\u001b[39m\n                    \u001b[33mstyle\u001b[39m=\u001b[32m\"white-space: pre-wrap;\"\u001b[39m\n                  \u001b[36m>\u001b[39m\n                    \u001b[0mCannot login with special characters\u001b[0m\n                  \u001b[36m</pre>\u001b[39m\n                \u001b[36m</div>\u001b[39m\n                \u001b[36m<div\u001b[39m\n                  \u001b[33mclass\u001b[39m=\u001b[32m\"modal-footer\"\u001b[39m\n                \u001b[36m>\u001b[39m\n                  \u001b[36m<button\u001b[39m\n                    \u001b[33mclass\u001b[39m=\u001b[32m\"btn btn-secondary\"\u001b[39m\n                  \u001b[36m>\u001b[39m\n                    \u001b[0mClose\u001b[0m\n                  \u001b[36m</button>\u001b[39m\n                \u001b[36m</div>\u001b[39m\n              \u001b[36m</div>\u001b[39m\n            \u001b[36m</div>\u001b[39m\n          \u001b[36m</div>\u001b[39m\n        \u001b[36m</div>\u001b[39m\n      \u001b[36m</div>\u001b[39m\n    \u001b[36m</body>\u001b[39m\n\u001b[2m\u001b[22m\n\u001b[2m    \u001b[0m \u001b[90m 138 |\u001b[39m     fireEvent\u001b[33m.\u001b[39mclick(screen\u001b[33m.\u001b[39mgetByText(\u001b[32m'Login bug'\u001b[39m))\u001b[33m;\u001b[39m\u001b[22m\n\u001b[2m     \u001b[90m 139 |\u001b[39m\u001b[22m\n\u001b[2m    \u001b[31m\u001b[1m>\u001b[22m\u001b[2m\u001b[39m\u001b[90m 140 |\u001b[39m     \u001b[36mawait\u001b[39m waitFor(() \u001b[33m=>\u001b[39m {\u001b[22m\n\u001b[2m     \u001b[90m     |\u001b[39m                  \u001b[31m\u001b[1m^\u001b[22m\u001b[2m\u001b[39m\u001b[22m\n\u001b[2m     \u001b[90m 141 |\u001b[39m       expect(screen\u001b[33m.\u001b[39mgetByText(\u001b[32m'ticket-1'\u001b[39m))\u001b[33m.\u001b[39mtoBeInTheDocument()\u001b[33m;\u001b[39m\u001b[22m\n\u001b[2m     \u001b[90m 142 |\u001b[39m     })\u001b[33m;\u001b[39m\u001b[22m\n\u001b[2m     \u001b[90m 143 |\u001b[39m\u001b[0m\u001b[22m\n\u001b[2m\u001b[22m\n\u001b[2m      \u001b[2mat waitForWrapper (\u001b[22m\u001b[2mnode_modules/@testing-library/dom/dist/wait-for.js\u001b[2m:163:27)\u001b[22m\u001b[2m\u001b[22m\n\u001b[2m      \u001b[2mat Object.<anonymous> (\u001b[22m\u001b[2m\u001b[0m\u001b[36m__tests__/tickets-page-coverage.test.tsx\u001b[39m\u001b[0m\u001b[2m:140:18)\u001b[22m\u001b[2m\u001b[22m\n","name":"C:\\Users\\nrrfa\\OneDrive\\Documents\\GitHub\\Clinical-Calculator-Competency\\frontend\\__tests__\\tickets-page-coverage.test.tsx","startTime":1776405419236,"status":"failed","summary":""}],"wasInterrupted":false}
